  
  Subbasin number: 4
  Thread for hydrology: 4
  Total tile numbber for landslide: 144
  Thread for landslide: 1
  landslide density: 10
           1  2012-07-02 01:00:00
           2  2012-07-02 02:00:00
           3  2012-07-02 03:00:00
           4  2012-07-02 04:00:00
           5  2012-07-02 05:00:00
 Hydrological runtime (s):    2.1948522110469639     
 Landslide runtime (s):    956.47899154340848     
 -----------------------------
  Subbasin number: 4
  Thread for hydrology: 4
  Total tile numbber for landslide: 144
  Thread for landslide: 2
  landslide density: 10
           1  2012-07-02 01:00:00
           2  2012-07-02 02:00:00
           3  2012-07-02 03:00:00
           4  2012-07-02 04:00:00
           5  2012-07-02 05:00:00
 Hydrological runtime (s):    2.8994124429300427     
 Landslide runtime (s):    488.16908220853657     
 -----------------------------
  Subbasin number: 4
  Thread for hydrology: 4
  Total tile numbber for landslide: 144
  Thread for landslide: 4
  landslide density: 10
           1  2012-07-02 01:00:00
           2  2012-07-02 02:00:00
           3  2012-07-02 03:00:00
           4  2012-07-02 04:00:00
           5  2012-07-02 05:00:00
 Hydrological runtime (s):    3.3361248504370451     
 Landslide runtime (s):    252.17231102753431     
 -----------------------------
  Subbasin number: 4
  Thread for hydrology: 4
  Total tile numbber for landslide: 144
  Thread for landslide: 6
  landslide density: 10
           1  2012-07-02 01:00:00
           2  2012-07-02 02:00:00
           3  2012-07-02 03:00:00
           4  2012-07-02 04:00:00
           5  2012-07-02 05:00:00
 Hydrological runtime (s):    3.0361986565403640     
 Landslide runtime (s):    175.89878977229819     
 -----------------------------
  Subbasin number: 4
  Thread for hydrology: 4
  Total tile numbber for landslide: 144
  Thread for landslide: 8
  landslide density: 10
           1  2012-07-02 01:00:00
           2  2012-07-02 02:00:00
           3  2012-07-02 03:00:00
           4  2012-07-02 04:00:00
           5  2012-07-02 05:00:00
 Hydrological runtime (s):    2.1765965423546731     
 Landslide runtime (s):    134.56201337371022     
 -----------------------------
  Subbasin number: 4
  Thread for hydrology: 4
  Total tile numbber for landslide: 144
  Thread for landslide: 10
  landslide density: 10
           1  2012-07-02 01:00:00
           2  2012-07-02 02:00:00
           3  2012-07-02 03:00:00
           4  2012-07-02 04:00:00
           5  2012-07-02 05:00:00
 Hydrological runtime (s):    2.5237392401322722     
 Landslide runtime (s):    115.62417840957642     
 -----------------------------
  Subbasin number: 4
  Thread for hydrology: 4
  Total tile numbber for landslide: 144
  Thread for landslide: 12
  landslide density: 10
           1  2012-07-02 01:00:00
           2  2012-07-02 02:00:00
           3  2012-07-02 03:00:00
           4  2012-07-02 04:00:00
           5  2012-07-02 05:00:00
 Hydrological runtime (s):    1.8651137254200876     
 Landslide runtime (s):    95.491887917276472     
 -----------------------------
  Subbasin number: 4
  Thread for hydrology: 4
  Total tile numbber for landslide: 144
  Thread for landslide: 14
  landslide density: 10
           1  2012-07-02 01:00:00
           2  2012-07-02 02:00:00
           3  2012-07-02 03:00:00
           4  2012-07-02 04:00:00
           5  2012-07-02 05:00:00
 Hydrological runtime (s):    1.9056034362874925     
 Landslide runtime (s):    85.806269812397659     
 -----------------------------
  Subbasin number: 4
  Thread for hydrology: 4
  Total tile numbber for landslide: 144
  Thread for landslide: 16
  landslide density: 10
           1  2012-07-02 01:00:00
           2  2012-07-02 02:00:00
           3  2012-07-02 03:00:00
           4  2012-07-02 04:00:00
           5  2012-07-02 05:00:00
 Hydrological runtime (s):    1.8539828630164266     
 Landslide runtime (s):    74.878285685088485     
 -----------------------------
  Subbasin number: 4
  Thread for hydrology: 4
  Total tile numbber for landslide: 144
  Thread for landslide: 18
  landslide density: 10
           1  2012-07-02 01:00:00
           2  2012-07-02 02:00:00
           3  2012-07-02 03:00:00
           4  2012-07-02 04:00:00
           5  2012-07-02 05:00:00
 Hydrological runtime (s):    2.1667141257785261     
 Landslide runtime (s):    67.770856794901192     
 -----------------------------
  Subbasin number: 4
  Thread for hydrology: 4
  Total tile numbber for landslide: 144
  Thread for landslide: 20
  landslide density: 10
           1  2012-07-02 01:00:00
           2  2012-07-02 02:00:00
           3  2012-07-02 03:00:00
           4  2012-07-02 04:00:00
           5  2012-07-02 05:00:00
 Hydrological runtime (s):    1.8686100891791284     
 Landslide runtime (s):    62.421064546797425     
 -----------------------------
  Subbasin number: 4
  Thread for hydrology: 4
  Total tile numbber for landslide: 144
  Thread for landslide: 22
  landslide density: 10
           1  2012-07-02 01:00:00
           2  2012-07-02 02:00:00
           3  2012-07-02 03:00:00
           4  2012-07-02 04:00:00
           5  2012-07-02 05:00:00
 Hydrological runtime (s):    2.1700230222195387     
 Landslide runtime (s):    60.261953670531511     
 -----------------------------
  Subbasin number: 4
  Thread for hydrology: 4
  Total tile numbber for landslide: 144
  Thread for landslide: 24
  landslide density: 10
           1  2012-07-02 01:00:00
           2  2012-07-02 02:00:00
           3  2012-07-02 03:00:00
           4  2012-07-02 04:00:00
           5  2012-07-02 05:00:00
 Hydrological runtime (s):    1.8602908332832158     
 Landslide runtime (s):    53.365447965450585     
 -----------------------------
  Subbasin number: 4
  Thread for hydrology: 4
  Total tile numbber for landslide: 144
  Thread for landslide: 26
  landslide density: 10
           1  2012-07-02 01:00:00
           2  2012-07-02 02:00:00
           3  2012-07-02 03:00:00
           4  2012-07-02 04:00:00
           5  2012-07-02 05:00:00
 Hydrological runtime (s):    2.4943078272044659     
 Landslide runtime (s):    52.833318056073040     
 -----------------------------
  Subbasin number: 4
  Thread for hydrology: 4
  Total tile numbber for landslide: 144
  Thread for landslide: 28
  landslide density: 10
           1  2012-07-02 01:00:00
           2  2012-07-02 02:00:00
           3  2012-07-02 03:00:00
           4  2012-07-02 04:00:00
           5  2012-07-02 05:00:00
 Hydrological runtime (s):    1.8713454175740480     
 Landslide runtime (s):    48.038246188778430     
 -----------------------------
  Subbasin number: 4
  Thread for hydrology: 4
  Total tile numbber for landslide: 144
  Thread for landslide: 30
  landslide density: 10
           1  2012-07-02 01:00:00
           2  2012-07-02 02:00:00
           3  2012-07-02 03:00:00
           4  2012-07-02 04:00:00
           5  2012-07-02 05:00:00
 Hydrological runtime (s):    1.8585313307121396     
 Landslide runtime (s):    44.486976814921945     
 -----------------------------
  Subbasin number: 4
  Thread for hydrology: 4
  Total tile numbber for landslide: 144
  Thread for landslide: 32
  landslide density: 10
           1  2012-07-02 01:00:00
           2  2012-07-02 02:00:00
           3  2012-07-02 03:00:00
           4  2012-07-02 04:00:00
           5  2012-07-02 05:00:00
 Hydrological runtime (s):    1.9565964406356215     
 Landslide runtime (s):    44.663960387464613     
 -----------------------------
  Subbasin number: 4
  Thread for hydrology: 4
  Total tile numbber for landslide: 144
  Thread for landslide: 34
  landslide density: 10
           1  2012-07-02 01:00:00
           2  2012-07-02 02:00:00
           3  2012-07-02 03:00:00
           4  2012-07-02 04:00:00
           5  2012-07-02 05:00:00
 Hydrological runtime (s):    2.9660202036611736     
 Landslide runtime (s):    41.674242210108787     
 -----------------------------
  Subbasin number: 4
  Thread for hydrology: 4
  Total tile numbber for landslide: 144
  Thread for landslide: 36
  landslide density: 10
           1  2012-07-02 01:00:00
           2  2012-07-02 02:00:00
           3  2012-07-02 03:00:00
           4  2012-07-02 04:00:00
           5  2012-07-02 05:00:00
 Hydrological runtime (s):    1.8785487590357661     
 Landslide runtime (s):    37.613900450523943     
 -----------------------------
  Subbasin number: 4
  Thread for hydrology: 4
  Total tile numbber for landslide: 144
  Thread for landslide: 38
  landslide density: 10
           1  2012-07-02 01:00:00
           2  2012-07-02 02:00:00
           3  2012-07-02 03:00:00
           4  2012-07-02 04:00:00
           5  2012-07-02 05:00:00
 Hydrological runtime (s):    1.9697816311381757     
 Landslide runtime (s):    38.040148037951440     
 -----------------------------
  Subbasin number: 4
  Thread for hydrology: 4
  Total tile numbber for landslide: 144
  Thread for landslide: 40
  landslide density: 10
           1  2012-07-02 01:00:00
           2  2012-07-02 02:00:00
           3  2012-07-02 03:00:00
           4  2012-07-02 04:00:00
           5  2012-07-02 05:00:00
 Hydrological runtime (s):    1.8440718916244805     
 Landslide runtime (s):    37.803743643686175     
 -----------------------------
  Subbasin number: 4
  Thread for hydrology: 4
  Total tile numbber for landslide: 144
  Thread for landslide: 42
  landslide density: 10
           1  2012-07-02 01:00:00
           2  2012-07-02 02:00:00
           3  2012-07-02 03:00:00
           4  2012-07-02 04:00:00
           5  2012-07-02 05:00:00
 Hydrological runtime (s):    1.9522033627144992     
 Landslide runtime (s):    37.301629367284477     
 -----------------------------
  Subbasin number: 4
  Thread for hydrology: 4
  Total tile numbber for landslide: 144
  Thread for landslide: 44
  landslide density: 10
           1  2012-07-02 01:00:00
           2  2012-07-02 02:00:00
           3  2012-07-02 03:00:00
           4  2012-07-02 04:00:00
           5  2012-07-02 05:00:00
 Hydrological runtime (s):    1.9525768836028874     
 Landslide runtime (s):    36.992267312016338     
 -----------------------------
  Subbasin number: 4
  Thread for hydrology: 4
  Total tile numbber for landslide: 144
  Thread for landslide: 46
  landslide density: 10
           1  2012-07-02 01:00:00
           2  2012-07-02 02:00:00
           3  2012-07-02 03:00:00
           4  2012-07-02 04:00:00
           5  2012-07-02 05:00:00
 Hydrological runtime (s):    1.8863051114603877     
 Landslide runtime (s):    33.863611285574734     
 -----------------------------
  Subbasin number: 4
  Thread for hydrology: 4
  Total tile numbber for landslide: 144
  Thread for landslide: 48
  landslide density: 10
           1  2012-07-02 01:00:00
           2  2012-07-02 02:00:00
           3  2012-07-02 03:00:00
           4  2012-07-02 04:00:00
           5  2012-07-02 05:00:00
 Hydrological runtime (s):    1.8887779503129423     
 Landslide runtime (s):    32.594407493248582     
 -----------------------------
