  
  Subbasin number: 4
  Thread for hydrology: 4
  Total tile numbber for landslide: 48
  Thread for landslide: 1
  landslide density: 10
           1  2012-07-02 01:00:00
           2  2012-07-02 02:00:00
           3  2012-07-02 03:00:00
           4  2012-07-02 04:00:00
           5  2012-07-02 05:00:00
 Hydrological runtime (s):    1.8720855903811753     
 Landslide runtime (s):    957.87944482313469     
 -----------------------------
  Subbasin number: 4
  Thread for hydrology: 4
  Total tile numbber for landslide: 48
  Thread for landslide: 2
  landslide density: 10
           1  2012-07-02 01:00:00
           2  2012-07-02 02:00:00
           3  2012-07-02 03:00:00
           4  2012-07-02 04:00:00
           5  2012-07-02 05:00:00
 Hydrological runtime (s):    3.0398848946206272     
 Landslide runtime (s):    501.94767307303846     
 -----------------------------
  Subbasin number: 4
  Thread for hydrology: 4
  Total tile numbber for landslide: 48
  Thread for landslide: 4
  landslide density: 10
           1  2012-07-02 01:00:00
           2  2012-07-02 02:00:00
           3  2012-07-02 03:00:00
           4  2012-07-02 04:00:00
           5  2012-07-02 05:00:00
 Hydrological runtime (s):    2.1449240716174245     
 Landslide runtime (s):    255.98597268806770     
 -----------------------------
  Subbasin number: 4
  Thread for hydrology: 4
  Total tile numbber for landslide: 48
  Thread for landslide: 6
  landslide density: 10
           1  2012-07-02 01:00:00
           2  2012-07-02 02:00:00
           3  2012-07-02 03:00:00
           4  2012-07-02 04:00:00
           5  2012-07-02 05:00:00
 Hydrological runtime (s):    2.1963223479688168     
 Landslide runtime (s):    183.89288766449317     
 -----------------------------
  Subbasin number: 4
  Thread for hydrology: 4
  Total tile numbber for landslide: 48
  Thread for landslide: 8
  landslide density: 10
           1  2012-07-02 01:00:00
           2  2012-07-02 02:00:00
           3  2012-07-02 03:00:00
           4  2012-07-02 04:00:00
           5  2012-07-02 05:00:00
 Hydrological runtime (s):    2.2765820254571736     
 Landslide runtime (s):    147.46316508436576     
 -----------------------------
  Subbasin number: 4
  Thread for hydrology: 4
  Total tile numbber for landslide: 48
  Thread for landslide: 10
  landslide density: 10
           1  2012-07-02 01:00:00
           2  2012-07-02 02:00:00
           3  2012-07-02 03:00:00
           4  2012-07-02 04:00:00
           5  2012-07-02 05:00:00
 Hydrological runtime (s):    2.1028798632323742     
 Landslide runtime (s):    124.92943719541654     
 -----------------------------
  Subbasin number: 4
  Thread for hydrology: 4
  Total tile numbber for landslide: 48
  Thread for landslide: 12
  landslide density: 10
           1  2012-07-02 01:00:00
           2  2012-07-02 02:00:00
           3  2012-07-02 03:00:00
           4  2012-07-02 04:00:00
           5  2012-07-02 05:00:00
 Hydrological runtime (s):    1.8393680294975638     
 Landslide runtime (s):    110.87562458263710     
 -----------------------------
  Subbasin number: 4
  Thread for hydrology: 4
  Total tile numbber for landslide: 48
  Thread for landslide: 14
  landslide density: 10
           1  2012-07-02 01:00:00
           2  2012-07-02 02:00:00
           3  2012-07-02 03:00:00
           4  2012-07-02 04:00:00
           5  2012-07-02 05:00:00
 Hydrological runtime (s):    1.8652840126305819     
 Landslide runtime (s):    102.46021573711187     
 -----------------------------
  Subbasin number: 4
  Thread for hydrology: 4
  Total tile numbber for landslide: 48
  Thread for landslide: 16
  landslide density: 10
           1  2012-07-02 01:00:00
           2  2012-07-02 02:00:00
           3  2012-07-02 03:00:00
           4  2012-07-02 04:00:00
           5  2012-07-02 05:00:00
 Hydrological runtime (s):    1.8560628425329924     
 Landslide runtime (s):    90.940558964386582     
 -----------------------------
  Subbasin number: 4
  Thread for hydrology: 4
  Total tile numbber for landslide: 48
  Thread for landslide: 18
  landslide density: 10
           1  2012-07-02 01:00:00
           2  2012-07-02 02:00:00
           3  2012-07-02 03:00:00
           4  2012-07-02 04:00:00
           5  2012-07-02 05:00:00
 Hydrological runtime (s):    2.0030531282536685     
 Landslide runtime (s):    79.248082786798477     
 -----------------------------
  Subbasin number: 4
  Thread for hydrology: 4
  Total tile numbber for landslide: 48
  Thread for landslide: 20
  landslide density: 10
           1  2012-07-02 01:00:00
           2  2012-07-02 02:00:00
           3  2012-07-02 03:00:00
           4  2012-07-02 04:00:00
           5  2012-07-02 05:00:00
 Hydrological runtime (s):    1.8593993969261646     
 Landslide runtime (s):    79.039741398766637     
 -----------------------------
  Subbasin number: 4
  Thread for hydrology: 4
  Total tile numbber for landslide: 48
  Thread for landslide: 22
  landslide density: 10
           1  2012-07-02 01:00:00
           2  2012-07-02 02:00:00
           3  2012-07-02 03:00:00
           4  2012-07-02 04:00:00
           5  2012-07-02 05:00:00
 Hydrological runtime (s):    1.8604911034926772     
 Landslide runtime (s):    72.475555431563407     
 -----------------------------
  Subbasin number: 4
  Thread for hydrology: 4
  Total tile numbber for landslide: 48
  Thread for landslide: 24
  landslide density: 10
           1  2012-07-02 01:00:00
           2  2012-07-02 02:00:00
           3  2012-07-02 03:00:00
           4  2012-07-02 04:00:00
           5  2012-07-02 05:00:00
 Hydrological runtime (s):    1.9286950328387320     
 Landslide runtime (s):    68.622567056678236     
 -----------------------------
  Subbasin number: 4
  Thread for hydrology: 4
  Total tile numbber for landslide: 48
  Thread for landslide: 26
  landslide density: 10
           1  2012-07-02 01:00:00
           2  2012-07-02 02:00:00
           3  2012-07-02 03:00:00
           4  2012-07-02 04:00:00
           5  2012-07-02 05:00:00
 Hydrological runtime (s):    1.9547069901600480     
 Landslide runtime (s):    55.100482144858688     
 -----------------------------
  Subbasin number: 4
  Thread for hydrology: 4
  Total tile numbber for landslide: 48
  Thread for landslide: 28
  landslide density: 10
           1  2012-07-02 01:00:00
           2  2012-07-02 02:00:00
           3  2012-07-02 03:00:00
           4  2012-07-02 04:00:00
           5  2012-07-02 05:00:00
 Hydrological runtime (s):    1.8764635021798313     
 Landslide runtime (s):    56.237836085259914     
 -----------------------------
  Subbasin number: 4
  Thread for hydrology: 4
  Total tile numbber for landslide: 48
  Thread for landslide: 30
  landslide density: 10
           1  2012-07-02 01:00:00
           2  2012-07-02 02:00:00
           3  2012-07-02 03:00:00
           4  2012-07-02 04:00:00
           5  2012-07-02 05:00:00
 Hydrological runtime (s):    1.9570332574658096     
 Landslide runtime (s):    57.304530538152903     
 -----------------------------
  Subbasin number: 4
  Thread for hydrology: 4
  Total tile numbber for landslide: 48
  Thread for landslide: 32
  landslide density: 10
           1  2012-07-02 01:00:00
           2  2012-07-02 02:00:00
           3  2012-07-02 03:00:00
           4  2012-07-02 04:00:00
           5  2012-07-02 05:00:00
 Hydrological runtime (s):    1.8473499333485961     
 Landslide runtime (s):    55.947877201717347     
 -----------------------------
  Subbasin number: 4
  Thread for hydrology: 4
  Total tile numbber for landslide: 48
  Thread for landslide: 34
  landslide density: 10
           1  2012-07-02 01:00:00
           2  2012-07-02 02:00:00
           3  2012-07-02 03:00:00
           4  2012-07-02 04:00:00
           5  2012-07-02 05:00:00
 Hydrological runtime (s):    1.8683944065123796     
 Landslide runtime (s):    55.981183888856322     
 -----------------------------
  Subbasin number: 4
  Thread for hydrology: 4
  Total tile numbber for landslide: 48
  Thread for landslide: 36
  landslide density: 10
           1  2012-07-02 01:00:00
           2  2012-07-02 02:00:00
           3  2012-07-02 03:00:00
           4  2012-07-02 04:00:00
           5  2012-07-02 05:00:00
 Hydrological runtime (s):    2.7442908957600594     
 Landslide runtime (s):    57.285091338679194     
 -----------------------------
  Subbasin number: 4
  Thread for hydrology: 4
  Total tile numbber for landslide: 48
  Thread for landslide: 38
  landslide density: 10
           1  2012-07-02 01:00:00
           2  2012-07-02 02:00:00
           3  2012-07-02 03:00:00
           4  2012-07-02 04:00:00
           5  2012-07-02 05:00:00
 Hydrological runtime (s):    2.1503637339919806     
 Landslide runtime (s):    54.790352124255151     
 -----------------------------
  Subbasin number: 4
  Thread for hydrology: 4
  Total tile numbber for landslide: 48
  Thread for landslide: 40
  landslide density: 10
           1  2012-07-02 01:00:00
           2  2012-07-02 02:00:00
           3  2012-07-02 03:00:00
           4  2012-07-02 04:00:00
           5  2012-07-02 05:00:00
 Hydrological runtime (s):    2.1475334702990949     
 Landslide runtime (s):    53.075933700893074     
 -----------------------------
  Subbasin number: 4
  Thread for hydrology: 4
  Total tile numbber for landslide: 48
  Thread for landslide: 42
  landslide density: 10
           1  2012-07-02 01:00:00
           2  2012-07-02 02:00:00
           3  2012-07-02 03:00:00
           4  2012-07-02 04:00:00
           5  2012-07-02 05:00:00
 Hydrological runtime (s):    1.8617629134096205     
 Landslide runtime (s):    49.913270556833595     
 -----------------------------
  Subbasin number: 4
  Thread for hydrology: 4
  Total tile numbber for landslide: 48
  Thread for landslide: 44
  landslide density: 10
           1  2012-07-02 01:00:00
           2  2012-07-02 02:00:00
           3  2012-07-02 03:00:00
           4  2012-07-02 04:00:00
           5  2012-07-02 05:00:00
 Hydrological runtime (s):    1.8555028899572790     
 Landslide runtime (s):    49.086479946039617     
 -----------------------------
  Subbasin number: 4
  Thread for hydrology: 4
  Total tile numbber for landslide: 48
  Thread for landslide: 46
  landslide density: 10
           1  2012-07-02 01:00:00
           2  2012-07-02 02:00:00
           3  2012-07-02 03:00:00
           4  2012-07-02 04:00:00
           5  2012-07-02 05:00:00
 Hydrological runtime (s):    1.9423078531399369     
 Landslide runtime (s):    47.123378457035869     
 -----------------------------
  Subbasin number: 4
  Thread for hydrology: 4
  Total tile numbber for landslide: 48
  Thread for landslide: 48
  landslide density: 10
           1  2012-07-02 01:00:00
           2  2012-07-02 02:00:00
           3  2012-07-02 03:00:00
           4  2012-07-02 04:00:00
           5  2012-07-02 05:00:00
 Hydrological runtime (s):    2.2252301839180291     
 Landslide runtime (s):    45.849296492058784     
 -----------------------------
