  
  Subbasin number: 4
  Thread for hydrology: 4
  Total tile numbber for landslide: 96
  Thread for landslide: 1
  landslide density: 10
           1  2012-07-02 01:00:00
           2  2012-07-02 02:00:00
           3  2012-07-02 03:00:00
           4  2012-07-02 04:00:00
           5  2012-07-02 05:00:00
 Hydrological runtime (s):    2.4255940946750343     
 Landslide runtime (s):    958.34575491119176     
 -----------------------------
  Subbasin number: 4
  Thread for hydrology: 4
  Total tile numbber for landslide: 96
  Thread for landslide: 2
  landslide density: 10
           1  2012-07-02 01:00:00
           2  2012-07-02 02:00:00
           3  2012-07-02 03:00:00
           4  2012-07-02 04:00:00
           5  2012-07-02 05:00:00
 Hydrological runtime (s):    2.9219968039542437     
 Landslide runtime (s):    492.02794390358031     
 -----------------------------
  Subbasin number: 4
  Thread for hydrology: 4
  Total tile numbber for landslide: 96
  Thread for landslide: 4
  landslide density: 10
           1  2012-07-02 01:00:00
           2  2012-07-02 02:00:00
           3  2012-07-02 03:00:00
           4  2012-07-02 04:00:00
           5  2012-07-02 05:00:00
 Hydrological runtime (s):    3.3167876866646111     
 Landslide runtime (s):    252.10338964918628     
 -----------------------------
  Subbasin number: 4
  Thread for hydrology: 4
  Total tile numbber for landslide: 96
  Thread for landslide: 6
  landslide density: 10
           1  2012-07-02 01:00:00
           2  2012-07-02 02:00:00
           3  2012-07-02 03:00:00
           4  2012-07-02 04:00:00
           5  2012-07-02 05:00:00
 Hydrological runtime (s):    3.3233696878887713     
 Landslide runtime (s):    176.84395705256611     
 -----------------------------
  Subbasin number: 4
  Thread for hydrology: 4
  Total tile numbber for landslide: 96
  Thread for landslide: 8
  landslide density: 10
           1  2012-07-02 01:00:00
           2  2012-07-02 02:00:00
           3  2012-07-02 03:00:00
           4  2012-07-02 04:00:00
           5  2012-07-02 05:00:00
 Hydrological runtime (s):    2.4856216572225094     
 Landslide runtime (s):    136.13623262057081     
 -----------------------------
  Subbasin number: 4
  Thread for hydrology: 4
  Total tile numbber for landslide: 96
  Thread for landslide: 10
  landslide density: 10
           1  2012-07-02 01:00:00
           2  2012-07-02 02:00:00
           3  2012-07-02 03:00:00
           4  2012-07-02 04:00:00
           5  2012-07-02 05:00:00
 Hydrological runtime (s):    2.2255570054985583     
 Landslide runtime (s):    118.27842481667176     
 -----------------------------
  Subbasin number: 4
  Thread for hydrology: 4
  Total tile numbber for landslide: 96
  Thread for landslide: 12
  landslide density: 10
           1  2012-07-02 01:00:00
           2  2012-07-02 02:00:00
           3  2012-07-02 03:00:00
           4  2012-07-02 04:00:00
           5  2012-07-02 05:00:00
 Hydrological runtime (s):    1.9460315951146185     
 Landslide runtime (s):    97.114128962624818     
 -----------------------------
  Subbasin number: 4
  Thread for hydrology: 4
  Total tile numbber for landslide: 96
  Thread for landslide: 14
  landslide density: 10
           1  2012-07-02 01:00:00
           2  2012-07-02 02:00:00
           3  2012-07-02 03:00:00
           4  2012-07-02 04:00:00
           5  2012-07-02 05:00:00
 Hydrological runtime (s):    1.9508704696781933     
 Landslide runtime (s):    87.065105135086924     
 -----------------------------
  Subbasin number: 4
  Thread for hydrology: 4
  Total tile numbber for landslide: 96
  Thread for landslide: 16
  landslide density: 10
           1  2012-07-02 01:00:00
           2  2012-07-02 02:00:00
           3  2012-07-02 03:00:00
           4  2012-07-02 04:00:00
           5  2012-07-02 05:00:00
 Hydrological runtime (s):    1.9908148539252579     
 Landslide runtime (s):    76.692523648496717     
 -----------------------------
  Subbasin number: 4
  Thread for hydrology: 4
  Total tile numbber for landslide: 96
  Thread for landslide: 18
  landslide density: 10
           1  2012-07-02 01:00:00
           2  2012-07-02 02:00:00
           3  2012-07-02 03:00:00
           4  2012-07-02 04:00:00
           5  2012-07-02 05:00:00
 Hydrological runtime (s):    1.8639912600629032     
 Landslide runtime (s):    72.832598521839827     
 -----------------------------
  Subbasin number: 4
  Thread for hydrology: 4
  Total tile numbber for landslide: 96
  Thread for landslide: 20
  landslide density: 10
           1  2012-07-02 01:00:00
           2  2012-07-02 02:00:00
           3  2012-07-02 03:00:00
           4  2012-07-02 04:00:00
           5  2012-07-02 05:00:00
 Hydrological runtime (s):    1.8851314415223897     
 Landslide runtime (s):    64.674776519648731     
 -----------------------------
  Subbasin number: 4
  Thread for hydrology: 4
  Total tile numbber for landslide: 96
  Thread for landslide: 22
  landslide density: 10
           1  2012-07-02 01:00:00
           2  2012-07-02 02:00:00
           3  2012-07-02 03:00:00
           4  2012-07-02 04:00:00
           5  2012-07-02 05:00:00
 Hydrological runtime (s):    1.9646866898983717     
 Landslide runtime (s):    63.742301229853183     
 -----------------------------
  Subbasin number: 4
  Thread for hydrology: 4
  Total tile numbber for landslide: 96
  Thread for landslide: 24
  landslide density: 10
           1  2012-07-02 01:00:00
           2  2012-07-02 02:00:00
           3  2012-07-02 03:00:00
           4  2012-07-02 04:00:00
           5  2012-07-02 05:00:00
 Hydrological runtime (s):    2.4823449552059174     
 Landslide runtime (s):    56.235428461339325     
 -----------------------------
  Subbasin number: 4
  Thread for hydrology: 4
  Total tile numbber for landslide: 96
  Thread for landslide: 26
  landslide density: 10
           1  2012-07-02 01:00:00
           2  2012-07-02 02:00:00
           3  2012-07-02 03:00:00
           4  2012-07-02 04:00:00
           5  2012-07-02 05:00:00
 Hydrological runtime (s):    2.1590190161950886     
 Landslide runtime (s):    54.081476028542966     
 -----------------------------
  Subbasin number: 4
  Thread for hydrology: 4
  Total tile numbber for landslide: 96
  Thread for landslide: 28
  landslide density: 10
           1  2012-07-02 01:00:00
           2  2012-07-02 02:00:00
           3  2012-07-02 03:00:00
           4  2012-07-02 04:00:00
           5  2012-07-02 05:00:00
 Hydrological runtime (s):    2.4622230879031122     
 Landslide runtime (s):    54.038085094187409     
 -----------------------------
  Subbasin number: 4
  Thread for hydrology: 4
  Total tile numbber for landslide: 96
  Thread for landslide: 30
  landslide density: 10
           1  2012-07-02 01:00:00
           2  2012-07-02 02:00:00
           3  2012-07-02 03:00:00
           4  2012-07-02 04:00:00
           5  2012-07-02 05:00:00
 Hydrological runtime (s):    2.5463248169980943     
 Landslide runtime (s):    48.745678333099931     
 -----------------------------
  Subbasin number: 4
  Thread for hydrology: 4
  Total tile numbber for landslide: 96
  Thread for landslide: 32
  landslide density: 10
           1  2012-07-02 01:00:00
           2  2012-07-02 02:00:00
           3  2012-07-02 03:00:00
           4  2012-07-02 04:00:00
           5  2012-07-02 05:00:00
 Hydrological runtime (s):    1.8647159799002111     
 Landslide runtime (s):    46.113258520606905     
 -----------------------------
  Subbasin number: 4
  Thread for hydrology: 4
  Total tile numbber for landslide: 96
  Thread for landslide: 34
  landslide density: 10
           1  2012-07-02 01:00:00
           2  2012-07-02 02:00:00
           3  2012-07-02 03:00:00
           4  2012-07-02 04:00:00
           5  2012-07-02 05:00:00
 Hydrological runtime (s):    1.8720144242979586     
 Landslide runtime (s):    42.280994311906397     
 -----------------------------
  Subbasin number: 4
  Thread for hydrology: 4
  Total tile numbber for landslide: 96
  Thread for landslide: 36
  landslide density: 10
           1  2012-07-02 01:00:00
           2  2012-07-02 02:00:00
           3  2012-07-02 03:00:00
           4  2012-07-02 04:00:00
           5  2012-07-02 05:00:00
 Hydrological runtime (s):    2.3423914923332632     
 Landslide runtime (s):    42.821578339207917     
 -----------------------------
  Subbasin number: 4
  Thread for hydrology: 4
  Total tile numbber for landslide: 96
  Thread for landslide: 38
  landslide density: 10
           1  2012-07-02 01:00:00
           2  2012-07-02 02:00:00
           3  2012-07-02 03:00:00
           4  2012-07-02 04:00:00
           5  2012-07-02 05:00:00
 Hydrological runtime (s):    2.0324721243232489     
 Landslide runtime (s):    42.841902479529381     
 -----------------------------
  Subbasin number: 4
  Thread for hydrology: 4
  Total tile numbber for landslide: 96
  Thread for landslide: 40
  landslide density: 10
           1  2012-07-02 01:00:00
           2  2012-07-02 02:00:00
           3  2012-07-02 03:00:00
           4  2012-07-02 04:00:00
           5  2012-07-02 05:00:00
 Hydrological runtime (s):    1.8718152781948447     
 Landslide runtime (s):    42.049988051876426     
 -----------------------------
  Subbasin number: 4
  Thread for hydrology: 4
  Total tile numbber for landslide: 96
  Thread for landslide: 42
  landslide density: 10
           1  2012-07-02 01:00:00
           2  2012-07-02 02:00:00
           3  2012-07-02 03:00:00
           4  2012-07-02 04:00:00
           5  2012-07-02 05:00:00
 Hydrological runtime (s):    1.8814404909498990     
 Landslide runtime (s):    40.456001594197005     
 -----------------------------
  Subbasin number: 4
  Thread for hydrology: 4
  Total tile numbber for landslide: 96
  Thread for landslide: 44
  landslide density: 10
           1  2012-07-02 01:00:00
           2  2012-07-02 02:00:00
           3  2012-07-02 03:00:00
           4  2012-07-02 04:00:00
           5  2012-07-02 05:00:00
 Hydrological runtime (s):    2.1462515392340720     
 Landslide runtime (s):    39.544175435788929     
 -----------------------------
  Subbasin number: 4
  Thread for hydrology: 4
  Total tile numbber for landslide: 96
  Thread for landslide: 46
  landslide density: 10
           1  2012-07-02 01:00:00
           2  2012-07-02 02:00:00
           3  2012-07-02 03:00:00
           4  2012-07-02 04:00:00
           5  2012-07-02 05:00:00
 Hydrological runtime (s):    2.0263265930116177     
 Landslide runtime (s):    37.938775234390050     
 -----------------------------
  Subbasin number: 4
  Thread for hydrology: 4
  Total tile numbber for landslide: 96
  Thread for landslide: 48
  landslide density: 10
           1  2012-07-02 01:00:00
           2  2012-07-02 02:00:00
           3  2012-07-02 03:00:00
           4  2012-07-02 04:00:00
           5  2012-07-02 05:00:00
 Hydrological runtime (s):    2.2731255674734712     
 Landslide runtime (s):    35.313210813328624     
 -----------------------------
