  
  Subbasin number: 4
  Thread for hydrology: 4
  Total tile numbber for landslide: 144
  Thread for landslide: 1
  landslide density: 50
           1  2012-07-02 01:00:00
           2  2012-07-02 02:00:00
           3  2012-07-02 03:00:00
           4  2012-07-02 04:00:00
           5  2012-07-02 05:00:00
 Hydrological runtime (s):    3.2406585426069796     
 Landslide runtime (s):    4749.2619715896435     
 -----------------------------
  Subbasin number: 4
  Thread for hydrology: 4
  Total tile numbber for landslide: 144
  Thread for landslide: 2
  landslide density: 50
           1  2012-07-02 01:00:00
           2  2012-07-02 02:00:00
           3  2012-07-02 03:00:00
           4  2012-07-02 04:00:00
           5  2012-07-02 05:00:00
 Hydrological runtime (s):    3.5701656811870635     
 Landslide runtime (s):    2414.7814010572620     
 -----------------------------
  Subbasin number: 4
  Thread for hydrology: 4
  Total tile numbber for landslide: 144
  Thread for landslide: 4
  landslide density: 50
           1  2012-07-02 01:00:00
           2  2012-07-02 02:00:00
           3  2012-07-02 03:00:00
           4  2012-07-02 04:00:00
           5  2012-07-02 05:00:00
 Hydrological runtime (s):    2.5137970834039152     
 Landslide runtime (s):    1263.4006221247837     
 -----------------------------
  Subbasin number: 4
  Thread for hydrology: 4
  Total tile numbber for landslide: 144
  Thread for landslide: 6
  landslide density: 50
           1  2012-07-02 01:00:00
           2  2012-07-02 02:00:00
           3  2012-07-02 03:00:00
           4  2012-07-02 04:00:00
           5  2012-07-02 05:00:00
 Hydrological runtime (s):    2.2744999723508954     
 Landslide runtime (s):    871.65935677988455     
 -----------------------------
  Subbasin number: 4
  Thread for hydrology: 4
  Total tile numbber for landslide: 144
  Thread for landslide: 8
  landslide density: 50
           1  2012-07-02 01:00:00
           2  2012-07-02 02:00:00
           3  2012-07-02 03:00:00
           4  2012-07-02 04:00:00
           5  2012-07-02 05:00:00
 Hydrological runtime (s):    2.5726760127581656     
 Landslide runtime (s):    671.94271474750713     
 -----------------------------
  Subbasin number: 4
  Thread for hydrology: 4
  Total tile numbber for landslide: 144
  Thread for landslide: 10
  landslide density: 50
           1  2012-07-02 01:00:00
           2  2012-07-02 02:00:00
           3  2012-07-02 03:00:00
           4  2012-07-02 04:00:00
           5  2012-07-02 05:00:00
 Hydrological runtime (s):    2.6642270358279347     
 Landslide runtime (s):    566.72632242925465     
 -----------------------------
  Subbasin number: 4
  Thread for hydrology: 4
  Total tile numbber for landslide: 144
  Thread for landslide: 12
  landslide density: 50
           1  2012-07-02 01:00:00
           2  2012-07-02 02:00:00
           3  2012-07-02 03:00:00
           4  2012-07-02 04:00:00
           5  2012-07-02 05:00:00
 Hydrological runtime (s):    1.9972067996859550     
 Landslide runtime (s):    474.64531665388495     
 -----------------------------
  Subbasin number: 4
  Thread for hydrology: 4
  Total tile numbber for landslide: 144
  Thread for landslide: 14
  landslide density: 50
           1  2012-07-02 01:00:00
           2  2012-07-02 02:00:00
           3  2012-07-02 03:00:00
           4  2012-07-02 04:00:00
           5  2012-07-02 05:00:00
 Hydrological runtime (s):    1.9657399347051978     
 Landslide runtime (s):    418.59154914040118     
 -----------------------------
  Subbasin number: 4
  Thread for hydrology: 4
  Total tile numbber for landslide: 144
  Thread for landslide: 16
  landslide density: 50
           1  2012-07-02 01:00:00
           2  2012-07-02 02:00:00
           3  2012-07-02 03:00:00
           4  2012-07-02 04:00:00
           5  2012-07-02 05:00:00
 Hydrological runtime (s):    2.2679938799701631     
 Landslide runtime (s):    367.25822687754408     
 -----------------------------
  Subbasin number: 4
  Thread for hydrology: 4
  Total tile numbber for landslide: 144
  Thread for landslide: 18
  landslide density: 50
           1  2012-07-02 01:00:00
           2  2012-07-02 02:00:00
           3  2012-07-02 03:00:00
           4  2012-07-02 04:00:00
           5  2012-07-02 05:00:00
 Hydrological runtime (s):    1.9236278859898448     
 Landslide runtime (s):    331.78986505279317     
 -----------------------------
  Subbasin number: 4
  Thread for hydrology: 4
  Total tile numbber for landslide: 144
  Thread for landslide: 20
  landslide density: 50
           1  2012-07-02 01:00:00
           2  2012-07-02 02:00:00
           3  2012-07-02 03:00:00
           4  2012-07-02 04:00:00
           5  2012-07-02 05:00:00
 Hydrological runtime (s):    1.9599544042721391     
 Landslide runtime (s):    306.63234345288947     
 -----------------------------
  Subbasin number: 4
  Thread for hydrology: 4
  Total tile numbber for landslide: 144
  Thread for landslide: 22
  landslide density: 50
           1  2012-07-02 01:00:00
           2  2012-07-02 02:00:00
           3  2012-07-02 03:00:00
           4  2012-07-02 04:00:00
           5  2012-07-02 05:00:00
 Hydrological runtime (s):    1.9159407797269523     
 Landslide runtime (s):    291.68703652406111     
 -----------------------------
  Subbasin number: 4
  Thread for hydrology: 4
  Total tile numbber for landslide: 144
  Thread for landslide: 24
  landslide density: 50
           1  2012-07-02 01:00:00
           2  2012-07-02 02:00:00
           3  2012-07-02 03:00:00
           4  2012-07-02 04:00:00
           5  2012-07-02 05:00:00
 Hydrological runtime (s):    1.9535874086432159     
 Landslide runtime (s):    259.84144058031961     
 -----------------------------
  Subbasin number: 4
  Thread for hydrology: 4
  Total tile numbber for landslide: 144
  Thread for landslide: 26
  landslide density: 50
           1  2012-07-02 01:00:00
           2  2012-07-02 02:00:00
           3  2012-07-02 03:00:00
           4  2012-07-02 04:00:00
           5  2012-07-02 05:00:00
 Hydrological runtime (s):    1.9407191430218518     
 Landslide runtime (s):    257.82942429743707     
 -----------------------------
  Subbasin number: 4
  Thread for hydrology: 4
  Total tile numbber for landslide: 144
  Thread for landslide: 28
  landslide density: 50
           1  2012-07-02 01:00:00
           2  2012-07-02 02:00:00
           3  2012-07-02 03:00:00
           4  2012-07-02 04:00:00
           5  2012-07-02 05:00:00
 Hydrological runtime (s):    1.9824616652913392     
 Landslide runtime (s):    233.32937869289890     
 -----------------------------
  Subbasin number: 4
  Thread for hydrology: 4
  Total tile numbber for landslide: 144
  Thread for landslide: 30
  landslide density: 50
           1  2012-07-02 01:00:00
           2  2012-07-02 02:00:00
           3  2012-07-02 03:00:00
           4  2012-07-02 04:00:00
           5  2012-07-02 05:00:00
 Hydrological runtime (s):    2.2866527633741498     
 Landslide runtime (s):    221.71485402435064     
 -----------------------------
  Subbasin number: 4
  Thread for hydrology: 4
  Total tile numbber for landslide: 144
  Thread for landslide: 32
  landslide density: 50
           1  2012-07-02 01:00:00
           2  2012-07-02 02:00:00
           3  2012-07-02 03:00:00
           4  2012-07-02 04:00:00
           5  2012-07-02 05:00:00
 Hydrological runtime (s):    2.0676949159242213     
 Landslide runtime (s):    222.72975665191188     
 -----------------------------
  Subbasin number: 4
  Thread for hydrology: 4
  Total tile numbber for landslide: 144
  Thread for landslide: 34
  landslide density: 50
           1  2012-07-02 01:00:00
           2  2012-07-02 02:00:00
           3  2012-07-02 03:00:00
           4  2012-07-02 04:00:00
           5  2012-07-02 05:00:00
 Hydrological runtime (s):    2.2467458778992295     
 Landslide runtime (s):    204.95348552381620     
 -----------------------------
  Subbasin number: 4
  Thread for hydrology: 4
  Total tile numbber for landslide: 144
  Thread for landslide: 36
  landslide density: 50
           1  2012-07-02 01:00:00
           2  2012-07-02 02:00:00
           3  2012-07-02 03:00:00
           4  2012-07-02 04:00:00
           5  2012-07-02 05:00:00
 Hydrological runtime (s):    1.9651411627419293     
 Landslide runtime (s):    188.36981831863523     
 -----------------------------
  Subbasin number: 4
  Thread for hydrology: 4
  Total tile numbber for landslide: 144
  Thread for landslide: 38
  landslide density: 50
           1  2012-07-02 01:00:00
           2  2012-07-02 02:00:00
           3  2012-07-02 03:00:00
           4  2012-07-02 04:00:00
           5  2012-07-02 05:00:00
 Hydrological runtime (s):    1.9291598745621741     
 Landslide runtime (s):    184.32239562366158     
 -----------------------------
  Subbasin number: 4
  Thread for hydrology: 4
  Total tile numbber for landslide: 144
  Thread for landslide: 40
  landslide density: 50
           1  2012-07-02 01:00:00
           2  2012-07-02 02:00:00
           3  2012-07-02 03:00:00
           4  2012-07-02 04:00:00
           5  2012-07-02 05:00:00
 Hydrological runtime (s):    1.9064363655634224     
 Landslide runtime (s):    180.72787530859932     
 -----------------------------
  Subbasin number: 4
  Thread for hydrology: 4
  Total tile numbber for landslide: 144
  Thread for landslide: 42
  landslide density: 50
           1  2012-07-02 01:00:00
           2  2012-07-02 02:00:00
           3  2012-07-02 03:00:00
           4  2012-07-02 04:00:00
           5  2012-07-02 05:00:00
 Hydrological runtime (s):    2.3503001108765602     
 Landslide runtime (s):    179.45139267807826     
 -----------------------------
  Subbasin number: 4
  Thread for hydrology: 4
  Total tile numbber for landslide: 144
  Thread for landslide: 44
  landslide density: 50
           1  2012-07-02 01:00:00
           2  2012-07-02 02:00:00
           3  2012-07-02 03:00:00
           4  2012-07-02 04:00:00
           5  2012-07-02 05:00:00
 Hydrological runtime (s):    1.9702598820440471     
 Landslide runtime (s):    177.23391648568213     
 -----------------------------
  Subbasin number: 4
  Thread for hydrology: 4
  Total tile numbber for landslide: 144
  Thread for landslide: 46
  landslide density: 50
           1  2012-07-02 01:00:00
           2  2012-07-02 02:00:00
           3  2012-07-02 03:00:00
           4  2012-07-02 04:00:00
           5  2012-07-02 05:00:00
 Hydrological runtime (s):    2.3034229697659612     
 Landslide runtime (s):    168.46454950328916     
 -----------------------------
  Subbasin number: 4
  Thread for hydrology: 4
  Total tile numbber for landslide: 144
  Thread for landslide: 48
  landslide density: 50
           1  2012-07-02 01:00:00
           2  2012-07-02 02:00:00
           3  2012-07-02 03:00:00
           4  2012-07-02 04:00:00
           5  2012-07-02 05:00:00
 Hydrological runtime (s):    1.9471902274526656     
 Landslide runtime (s):    153.25471467152238     
 -----------------------------
