   
  Subbasin number: 4
  Thread for hydrology: 4
  Total tile numbber for landslide: 48
  Thread for landslide: 1
  landslide density: 50
           1  2012-07-02 01:00:00
           2  2012-07-02 02:00:00
           3  2012-07-02 03:00:00
           4  2012-07-02 04:00:00
           5  2012-07-02 05:00:00
 Hydrological runtime (s):    2.2598022171296179     
 Landslide runtime (s):    4806.1922674179077     
 -----------------------------
  Subbasin number: 4
  Thread for hydrology: 4
  Total tile numbber for landslide: 48
  Thread for landslide: 2
  landslide density: 50
           1  2012-07-02 01:00:00
           2  2012-07-02 02:00:00
           3  2012-07-02 03:00:00
           4  2012-07-02 04:00:00
           5  2012-07-02 05:00:00
 Hydrological runtime (s):    2.7519798288121819     
 Landslide runtime (s):    2519.6097767706960     
 -----------------------------
  Subbasin number: 4
  Thread for hydrology: 4
  Total tile numbber for landslide: 48
  Thread for landslide: 4
  landslide density: 50
           1  2012-07-02 01:00:00
           2  2012-07-02 02:00:00
           3  2012-07-02 03:00:00
           4  2012-07-02 04:00:00
           5  2012-07-02 05:00:00
 Hydrological runtime (s):    2.0407323837280273     
 Landslide runtime (s):    1306.3156535467133     
 -----------------------------
  Subbasin number: 4
  Thread for hydrology: 4
  Total tile numbber for landslide: 48
  Thread for landslide: 6
  landslide density: 50
           1  2012-07-02 01:00:00
           2  2012-07-02 02:00:00
           3  2012-07-02 03:00:00
           4  2012-07-02 04:00:00
           5  2012-07-02 05:00:00
 Hydrological runtime (s):    2.2814528024755418     
 Landslide runtime (s):    927.53470754995942     
 -----------------------------
  Subbasin number: 4
  Thread for hydrology: 4
  Total tile numbber for landslide: 48
  Thread for landslide: 8
  landslide density: 50
           1  2012-07-02 01:00:00
           2  2012-07-02 02:00:00
           3  2012-07-02 03:00:00
           4  2012-07-02 04:00:00
           5  2012-07-02 05:00:00
 Hydrological runtime (s):    2.5035078995861113     
 Landslide runtime (s):    743.44082659482956     
 -----------------------------
  Subbasin number: 4
  Thread for hydrology: 4
  Total tile numbber for landslide: 48
  Thread for landslide: 10
  landslide density: 50
           1  2012-07-02 01:00:00
           2  2012-07-02 02:00:00
           3  2012-07-02 03:00:00
           4  2012-07-02 04:00:00
           5  2012-07-02 05:00:00
 Hydrological runtime (s):    2.0117560075595975     
 Landslide runtime (s):    620.12429230660200     
 -----------------------------
  Subbasin number: 4
  Thread for hydrology: 4
  Total tile numbber for landslide: 48
  Thread for landslide: 12
  landslide density: 50
           1  2012-07-02 01:00:00
           2  2012-07-02 02:00:00
           3  2012-07-02 03:00:00
           4  2012-07-02 04:00:00
           5  2012-07-02 05:00:00
 Hydrological runtime (s):    2.0171821867115796     
 Landslide runtime (s):    557.33790403883904     
 -----------------------------
  Subbasin number: 4
  Thread for hydrology: 4
  Total tile numbber for landslide: 48
  Thread for landslide: 14
  landslide density: 50
           1  2012-07-02 01:00:00
           2  2012-07-02 02:00:00
           3  2012-07-02 03:00:00
           4  2012-07-02 04:00:00
           5  2012-07-02 05:00:00
 Hydrological runtime (s):    2.3180397567339242     
 Landslide runtime (s):    505.60497373621911     
 -----------------------------
  Subbasin number: 4
  Thread for hydrology: 4
  Total tile numbber for landslide: 48
  Thread for landslide: 16
  landslide density: 50
           1  2012-07-02 01:00:00
           2  2012-07-02 02:00:00
           3  2012-07-02 03:00:00
           4  2012-07-02 04:00:00
           5  2012-07-02 05:00:00
 Hydrological runtime (s):    2.2926812525838614     
 Landslide runtime (s):    463.48477666359395     
 -----------------------------
  Subbasin number: 4
  Thread for hydrology: 4
  Total tile numbber for landslide: 48
  Thread for landslide: 18
  landslide density: 50
           1  2012-07-02 01:00:00
           2  2012-07-02 02:00:00
           3  2012-07-02 03:00:00
           4  2012-07-02 04:00:00
           5  2012-07-02 05:00:00
 Hydrological runtime (s):    1.9598645046353340     
 Landslide runtime (s):    400.55493561504409     
 -----------------------------
  Subbasin number: 4
  Thread for hydrology: 4
  Total tile numbber for landslide: 48
  Thread for landslide: 20
  landslide density: 50
           1  2012-07-02 01:00:00
           2  2012-07-02 02:00:00
           3  2012-07-02 03:00:00
           4  2012-07-02 04:00:00
           5  2012-07-02 05:00:00
 Hydrological runtime (s):    1.9289324623532593     
 Landslide runtime (s):    390.87081086356193     
 -----------------------------
  Subbasin number: 4
  Thread for hydrology: 4
  Total tile numbber for landslide: 48
  Thread for landslide: 22
  landslide density: 50
           1  2012-07-02 01:00:00
           2  2012-07-02 02:00:00
           3  2012-07-02 03:00:00
           4  2012-07-02 04:00:00
           5  2012-07-02 05:00:00
 Hydrological runtime (s):    1.9638515152037144     
 Landslide runtime (s):    360.19351654546335     
 -----------------------------
  Subbasin number: 4
  Thread for hydrology: 4
  Total tile numbber for landslide: 48
  Thread for landslide: 24
  landslide density: 50
           1  2012-07-02 01:00:00
           2  2012-07-02 02:00:00
           3  2012-07-02 03:00:00
           4  2012-07-02 04:00:00
           5  2012-07-02 05:00:00
 Hydrological runtime (s):    2.0345587939955294     
 Landslide runtime (s):    345.85179591784254     
 -----------------------------
  Subbasin number: 4
  Thread for hydrology: 4
  Total tile numbber for landslide: 48
  Thread for landslide: 26
  landslide density: 50
           1  2012-07-02 01:00:00
           2  2012-07-02 02:00:00
           3  2012-07-02 03:00:00
           4  2012-07-02 04:00:00
           5  2012-07-02 05:00:00
 Hydrological runtime (s):    1.9392542149871588     
 Landslide runtime (s):    277.50961056305096     
 -----------------------------
  Subbasin number: 4
  Thread for hydrology: 4
  Total tile numbber for landslide: 48
  Thread for landslide: 28
  landslide density: 50
           1  2012-07-02 01:00:00
           2  2012-07-02 02:00:00
           3  2012-07-02 03:00:00
           4  2012-07-02 04:00:00
           5  2012-07-02 05:00:00
 Hydrological runtime (s):    1.9210228091105819     
 Landslide runtime (s):    281.51265028351918     
 -----------------------------
  Subbasin number: 4
  Thread for hydrology: 4
  Total tile numbber for landslide: 48
  Thread for landslide: 30
  landslide density: 50
           1  2012-07-02 01:00:00
           2  2012-07-02 02:00:00
           3  2012-07-02 03:00:00
           4  2012-07-02 04:00:00
           5  2012-07-02 05:00:00
 Hydrological runtime (s):    1.8966494179330766     
 Landslide runtime (s):    280.33787441579625     
 -----------------------------
  Subbasin number: 4
  Thread for hydrology: 4
  Total tile numbber for landslide: 48
  Thread for landslide: 32
  landslide density: 50
           1  2012-07-02 01:00:00
           2  2012-07-02 02:00:00
           3  2012-07-02 03:00:00
           4  2012-07-02 04:00:00
           5  2012-07-02 05:00:00
 Hydrological runtime (s):    1.9998540077358484     
 Landslide runtime (s):    281.76035662414506     
 -----------------------------
  Subbasin number: 4
  Thread for hydrology: 4
  Total tile numbber for landslide: 48
  Thread for landslide: 34
  landslide density: 50
           1  2012-07-02 01:00:00
           2  2012-07-02 02:00:00
           3  2012-07-02 03:00:00
           4  2012-07-02 04:00:00
           5  2012-07-02 05:00:00
 Hydrological runtime (s):    1.9503142945468426     
 Landslide runtime (s):    276.31021685386077     
 -----------------------------
  Subbasin number: 4
  Thread for hydrology: 4
  Total tile numbber for landslide: 48
  Thread for landslide: 36
  landslide density: 50
           1  2012-07-02 01:00:00
           2  2012-07-02 02:00:00
           3  2012-07-02 03:00:00
           4  2012-07-02 04:00:00
           5  2012-07-02 05:00:00
 Hydrological runtime (s):    1.9303087755106390     
 Landslide runtime (s):    272.36043178755790     
 -----------------------------
  Subbasin number: 4
  Thread for hydrology: 4
  Total tile numbber for landslide: 48
  Thread for landslide: 38
  landslide density: 50
           1  2012-07-02 01:00:00
           2  2012-07-02 02:00:00
           3  2012-07-02 03:00:00
           4  2012-07-02 04:00:00
           5  2012-07-02 05:00:00
 Hydrological runtime (s):    2.2467343783937395     
 Landslide runtime (s):    261.52550549106672     
 -----------------------------
  Subbasin number: 4
  Thread for hydrology: 4
  Total tile numbber for landslide: 48
  Thread for landslide: 40
  landslide density: 50
           1  2012-07-02 01:00:00
           2  2012-07-02 02:00:00
           3  2012-07-02 03:00:00
           4  2012-07-02 04:00:00
           5  2012-07-02 05:00:00
 Hydrological runtime (s):    2.0079977950081229     
 Landslide runtime (s):    258.58941515674815     
 -----------------------------
  Subbasin number: 4
  Thread for hydrology: 4
  Total tile numbber for landslide: 48
  Thread for landslide: 42
  landslide density: 50
           1  2012-07-02 01:00:00
           2  2012-07-02 02:00:00
           3  2012-07-02 03:00:00
           4  2012-07-02 04:00:00
           5  2012-07-02 05:00:00
 Hydrological runtime (s):    2.3130870717577636     
 Landslide runtime (s):    249.83319220272824     
 -----------------------------
  Subbasin number: 4
  Thread for hydrology: 4
  Total tile numbber for landslide: 48
  Thread for landslide: 44
  landslide density: 50
           1  2012-07-02 01:00:00
           2  2012-07-02 02:00:00
           3  2012-07-02 03:00:00
           4  2012-07-02 04:00:00
           5  2012-07-02 05:00:00
 Hydrological runtime (s):    2.0999193298630416     
 Landslide runtime (s):    244.63416901230812     
 -----------------------------
  Subbasin number: 4
  Thread for hydrology: 4
  Total tile numbber for landslide: 48
  Thread for landslide: 46
  landslide density: 50
           1  2012-07-02 01:00:00
           2  2012-07-02 02:00:00
           3  2012-07-02 03:00:00
           4  2012-07-02 04:00:00
           5  2012-07-02 05:00:00
 Hydrological runtime (s):    2.1470499834977090     
 Landslide runtime (s):    237.57217721873894     
 -----------------------------
  Subbasin number: 4
  Thread for hydrology: 4
  Total tile numbber for landslide: 48
  Thread for landslide: 48
  landslide density: 50
           1  2012-07-02 01:00:00
           2  2012-07-02 02:00:00
           3  2012-07-02 03:00:00
           4  2012-07-02 04:00:00
           5  2012-07-02 05:00:00
 Hydrological runtime (s):    1.9490916333161294     
 Landslide runtime (s):    234.08044180599973     
 -----------------------------
