
  ------parallel setup----------
  Subbasin number: 4
  Thread for hydrology: 4
  Total tile numbber for landslide: 144
  Thread for landslide: 48
  ellipse density: 50

  Running Style is Simulation!
   Model Start Time: 2012070201    
   Model End Time: 2012070920    

 De =           10
 Loading States at date: 2012070200    
 Unstable_percentage:    4.7750344832276075E-002
 Pf05_percentage:    2.3353107117315509E-002
 Pf5_percentage:    2.4397237714960565E-002
 Pf10_percentage:    1.4361116746551394E-002
 Pf20_percentage:    7.4712715328913888E-003
 Pf30_percentage:    4.4578851269334125E-003
 Pf40_percentage:    2.6610454566576712E-003
 Pf50_percentage:    1.6805260718135175E-003

   The results of the Outlet is: 
      NSCE:   0.71614592104459751     
      Bias(%):    3.9756835776296962     
      CC:   0.85776481609808974     
 Runoff_total:    20508.600279156672     
 Hydrological runtime (s):    111.00305484747514     
 Landslide runtime (s):    30.584484135964885     
 De =           50
 Loading States at date: 2012070200    
 Unstable_percentage:    8.5847369357586259E-002
 Pf05_percentage:    6.2839236189424844E-002
 Pf5_percentage:    2.3008133168161412E-002
 Pf10_percentage:    1.3883536794765576E-002
 Pf20_percentage:    7.3076391257977614E-003
 Pf30_percentage:    4.3077116624145855E-003
 Pf40_percentage:    2.5583324738499831E-003
 Pf50_percentage:    1.5293608957365470E-003

   The results of the Outlet is: 
      NSCE:   0.71614592104459740     
      Bias(%):    3.9756835776296739     
      CC:   0.85776481609808986     
 Runoff_total:    20508.600279156668     
 Hydrological runtime (s):    86.855805969797075     
 Landslide runtime (s):    158.98446908988990     
 De =           90
 Loading States at date: 2012070200    
 Unstable_percentage:   0.10154247982291999     
 Pf05_percentage:    7.8712854735224352E-002
 Pf5_percentage:    2.2829625087695635E-002
 Pf10_percentage:    1.3920513468576345E-002
 Pf20_percentage:    7.3201063568144181E-003
 Pf30_percentage:    4.3071449700956459E-003
 Pf40_percentage:    2.5733498203018659E-003
 Pf50_percentage:    1.5353111650854062E-003

   The results of the Outlet is: 
      NSCE:   0.71614592104459740     
      Bias(%):    3.9756835776296739     
      CC:   0.85776481609808986     
 Runoff_total:    20508.600279156668     
 Hydrological runtime (s):    87.329471887322143     
 Landslide runtime (s):    280.99156104400754     
 De =          130
 Loading States at date: 2012070200    
 Unstable_percentage:   0.11161784423441568     
 Pf05_percentage:    8.8854238801876428E-002
 Pf5_percentage:    2.2763605432539247E-002
 Pf10_percentage:    1.3877869871576187E-002
 Pf20_percentage:    7.2589035863690095E-003
 Pf30_percentage:    4.2649263923346930E-003
 Pf40_percentage:    2.5367981657303021E-003
 Pf50_percentage:    1.5020179913477418E-003

   The results of the Outlet is: 
      NSCE:   0.71614592104459740     
      Bias(%):    3.9756835776296739     
      CC:   0.85776481609808986     
 Runoff_total:    20508.600279156668     
 Hydrological runtime (s):    98.278147480450571     
 Landslide runtime (s):    404.11237754486501     
 De =          170
 Loading States at date: 2012070200    
 Unstable_percentage:   0.11841177677309526     
 Pf05_percentage:    9.5655113321463023E-002
 Pf5_percentage:    2.2756663451632245E-002
 Pf10_percentage:    1.3870502871429980E-002
 Pf20_percentage:    7.2940385101432255E-003
 Pf30_percentage:    4.2867440466138433E-003
 Pf40_percentage:    2.5382148965276494E-003
 Pf50_percentage:    1.5086766260952746E-003

   The results of the Outlet is: 
      NSCE:   0.71614592104459729     
      Bias(%):    3.9756835776297184     
      CC:   0.85776481609808974     
 Runoff_total:    20508.600279156679     
 Hydrological runtime (s):    130.23451918503270     
 Landslide runtime (s):    525.30881135491654     
 De =          210
 Loading States at date: 2012070200    
 Unstable_percentage:   0.12496854857629888     
 Pf05_percentage:   0.10221514360550055     
 Pf5_percentage:    2.2753404970798346E-002
 Pf10_percentage:    1.3861719140486426E-002
 Pf20_percentage:    7.3014055102894326E-003
 Pf30_percentage:    4.2929776621221721E-003
 Pf40_percentage:    2.5400566465642012E-003
 Pf50_percentage:    1.5057014914208449E-003

   The results of the Outlet is: 
      NSCE:   0.71614592104459729     
      Bias(%):    3.9756835776297184     
      CC:   0.85776481609808974     
 Runoff_total:    20508.600279156679     
 Hydrological runtime (s):    132.09058457356878     
 Landslide runtime (s):    644.21588140004314     
 De =          250
 Loading States at date: 2012070200    
 Unstable_percentage:   0.12909718546592877     
 Pf05_percentage:   0.10635072247603741     
 Pf5_percentage:    2.2746462989891341E-002
 Pf10_percentage:    1.3862427505885100E-002
 Pf20_percentage:    7.2999887794920849E-003
 Pf30_percentage:    4.2775352964310853E-003
 Pf40_percentage:    2.5294311655840954E-003
 Pf50_percentage:    1.4912508372879013E-003

   The results of the Outlet is: 
      NSCE:   0.71614592104459729     
      Bias(%):    3.9756835776296962     
      CC:   0.85776481609808974     
 Runoff_total:    20508.600279156672     
 Hydrological runtime (s):    113.21241941372864     
 Landslide runtime (s):    788.86528915003873     
 De =          290
 Loading States at date: 2012070200    
 Unstable_percentage:   0.13302790506316919     
 Pf05_percentage:   0.11029390930429450     
 Pf5_percentage:    2.2733995758874685E-002
 Pf10_percentage:    1.3861435794326957E-002
 Pf20_percentage:    7.2876632215551620E-003
 Pf30_percentage:    4.2690349116470006E-003
 Pf40_percentage:    2.5515321660227151E-003
 Pf50_percentage:    1.5065515298992535E-003

   The results of the Outlet is: 
      NSCE:   0.71614592104459740     
      Bias(%):    3.9756835776296739     
      CC:   0.85776481609808986     
 Runoff_total:    20508.600279156668     
 Hydrological runtime (s):    91.160057650646195     
 Landslide runtime (s):    891.31720792502165     
 De =          330
 Loading States at date: 2012070200    
 Unstable_percentage:   0.13685222817752885     
 Pf05_percentage:   0.11418269366993346     
 Pf5_percentage:    2.2669534507595377E-002
 Pf10_percentage:    1.3854918832659158E-002
 Pf20_percentage:    7.3252065876848694E-003
 Pf30_percentage:    4.3020447392251955E-003
 Pf40_percentage:    2.5486987044280205E-003
 Pf50_percentage:    1.4936592796433918E-003

   The results of the Outlet is: 
      NSCE:   0.71614592104459729     
      Bias(%):    3.9756835776296962     
      CC:   0.85776481609808986     
 Runoff_total:    20508.600279156675     
 Hydrological runtime (s):    109.34043498919345     
 Landslide runtime (s):    1058.5416251090355     
 De =          370
 Loading States at date: 2012070200    
 Unstable_percentage:   0.13969489852240644     
 Pf05_percentage:   0.11698031197545543     
 Pf5_percentage:    2.2714586546951025E-002
 Pf10_percentage:    1.3877869871576187E-002
 Pf20_percentage:    7.2975803371365944E-003
 Pf30_percentage:    4.2989279314710315E-003
 Pf40_percentage:    2.5416150504412832E-003
 Pf50_percentage:    1.5091016453344789E-003

   The results of the Outlet is: 
      NSCE:   0.71614592104459751     
      Bias(%):    3.9756835776296962     
      CC:   0.85776481609808974     
 Runoff_total:    20508.600279156672     
 Hydrological runtime (s):    95.154141527367756     
 Landslide runtime (s):    1171.7274403439369     
 De =          410
 Loading States at date: 2012070200    
 Unstable_percentage:   0.14268462552404873     
 Pf05_percentage:   0.11995799676532025     
 Pf5_percentage:    2.2726628758728478E-002
 Pf10_percentage:    1.3854777159579423E-002
 Pf20_percentage:    7.2717958366248711E-003
 Pf30_percentage:    4.2744184886769204E-003
 Pf40_percentage:    2.5356647810924242E-003
 Pf50_percentage:    1.4996095489922510E-003

   The results of the Outlet is: 
      NSCE:   0.71614592104459740     
      Bias(%):    3.9756835776296739     
      CC:   0.85776481609808986     
 Runoff_total:    20508.600279156668     
 Hydrological runtime (s):    89.880299709038809     
 Landslide runtime (s):    1275.8203727470245     
 De =          450
 Loading States at date: 2012070200    
 Unstable_percentage:   0.14501656441648259     
 Pf05_percentage:   0.12231458677362796     
 Pf5_percentage:    2.2701977642854632E-002
 Pf10_percentage:    1.3868377775233958E-002
 Pf20_percentage:    7.2732125674222188E-003
 Pf30_percentage:    4.2751268540755947E-003
 Pf40_percentage:    2.5451568774346521E-003
 Pf50_percentage:    1.5044264337032323E-003

   The results of the Outlet is: 
      NSCE:   0.71614592104459740     
      Bias(%):    3.9756835776296739     
      CC:   0.85776481609808986     
 Runoff_total:    20508.600279156668     
 Hydrological runtime (s):    86.891317687463015     
 Landslide runtime (s):    1378.0982088008896     
 De =          490
 Loading States at date: 2012070200    
 Unstable_percentage:   0.14681907100994770     
 Pf05_percentage:   0.12411114309774422     
 Pf5_percentage:    2.2707927912203493E-002
 Pf10_percentage:    1.3852510390303668E-002
 Pf20_percentage:    7.2895049715917138E-003
 Pf30_percentage:    4.2783853349094934E-003
 Pf40_percentage:    2.5376482042087107E-003
 Pf50_percentage:    1.4994678759125163E-003

   The results of the Outlet is: 
      NSCE:   0.71614592104459729     
      Bias(%):    3.9756835776296962     
      CC:   0.85776481609808986     
 Runoff_total:    20508.600279156672     
 Hydrological runtime (s):    105.95418937667273     
 Landslide runtime (s):    1545.2926651828457     
 De =          530
 Loading States at date: 2012070200    
 Unstable_percentage:   0.14921093761510937     
 Pf05_percentage:   0.12647396672156025     
 Pf5_percentage:    2.2736970893549115E-002
 Pf10_percentage:    1.3850101947948177E-002
 Pf20_percentage:    7.2811462598873639E-003
 Pf30_percentage:    4.2810771234244533E-003
 Pf40_percentage:    2.5389232619263233E-003
 Pf50_percentage:    1.4919592026865749E-003

   The results of the Outlet is: 
      NSCE:   0.71614592104459740     
      Bias(%):    3.9756835776296739     
      CC:   0.85776481609808986     
 Runoff_total:    20508.600279156668     
 Hydrological runtime (s):    85.888848234899342     
 Landslide runtime (s):    1694.7924644220620     
 De =          570
 Loading States at date: 2012070200    
 Unstable_percentage:   0.15076225783820482     
 Pf05_percentage:   0.12809768188840015     
 Pf5_percentage:    2.2664575949804661E-002
 Pf10_percentage:    1.3863702563602712E-002
 Pf20_percentage:    7.2832713560833850E-003
 Pf30_percentage:    4.2691765847267353E-003
 Pf40_percentage:    2.5454402235941215E-003
 Pf50_percentage:    1.5034347221450891E-003

   The results of the Outlet is: 
      NSCE:   0.71614592134608979     
      Bias(%):    3.9756833638448619     
      CC:   0.85776481617496381     
 Runoff_total:    20508.600236988856     
 Hydrological runtime (s):    98.603435730561614     
 Landslide runtime (s):    1850.3670285351109     
 De =          610
 Loading States at date: 2012070200    
 Unstable_percentage:   0.15223721627132322     
 Pf05_percentage:   0.12953651368618618     
 Pf5_percentage:    2.2700702585137022E-002
 Pf10_percentage:    1.3842593274722237E-002
 Pf20_percentage:    7.2679706634720329E-003
 Pf30_percentage:    4.2688932385672659E-003
 Pf40_percentage:    2.5369398388100368E-003
 Pf50_percentage:    1.4966344143178215E-003

   The results of the Outlet is: 
      NSCE:   0.71614592104459740     
      Bias(%):    3.9756835776296739     
      CC:   0.85776481609808986     
 Runoff_total:    20508.600279156668     
 Hydrological runtime (s):    78.815810339991003     
 Landslide runtime (s):    1889.4829736950342     
 De =          650
 Loading States at date: 2012070200    
 Unstable_percentage:   0.15405289846120368     
 Pf05_percentage:   0.13136182964548862     
 Pf5_percentage:    2.2691068815715060E-002
 Pf10_percentage:    1.3861719140486426E-002
 Pf20_percentage:    7.2790211636913427E-003
 Pf30_percentage:    4.2674765077699182E-003
 Pf40_percentage:    2.5312729156206472E-003
 Pf50_percentage:    1.5008846067098636E-003

   The results of the Outlet is: 
      NSCE:   0.71614592104462016     
      Bias(%):    3.9756835776261656     
      CC:   0.85776481609810518     
 Runoff_total:    20508.600279155977     
 Hydrological runtime (s):    104.75131365493871     
 Landslide runtime (s):    2086.9454249059781     
 De =          690
 Loading States at date: 2012070200    
 Unstable_percentage:   0.15541565181517217     
 Pf05_percentage:   0.13273393342271961     
 Pf5_percentage:    2.2681718392452564E-002
 Pf10_percentage:    1.3853785448021280E-002
 Pf20_percentage:    7.3045223180435966E-003
 Pf30_percentage:    4.2798020657068411E-003
 Pf40_percentage:    2.5393482811655274E-003
 Pf50_percentage:    1.4902591257297581E-003

   The results of the Outlet is: 
      NSCE:   0.71614592104459740     
      Bias(%):    3.9756835776297184     
      CC:   0.85776481609808997     
 Runoff_total:    20508.600279156679     
 Hydrological runtime (s):    125.87291144020855     
 Landslide runtime (s):    2142.7748205470853     
 De =          730
 Loading States at date: 2012070200    
 Unstable_percentage:   0.15691200288333051     
 Pf05_percentage:   0.13422433422152910     
 Pf5_percentage:    2.2687668661801424E-002
 Pf10_percentage:    1.3860727428928283E-002
 Pf20_percentage:    7.2972969909771250E-003
 Pf30_percentage:    4.2945360659992545E-003
 Pf40_percentage:    2.5424650889196918E-003
 Pf50_percentage:    1.5007429336301289E-003

   The results of the Outlet is: 
      NSCE:   0.71614592104459740     
      Bias(%):    3.9756835776296739     
      CC:   0.85776481609808986     
 Runoff_total:    20508.600279156668     
 Hydrological runtime (s):    86.869104394223541     
 Landslide runtime (s):    2312.8945879261009     
 De =          770
 Loading States at date: 2012070200    
 Unstable_percentage:   0.15826809760255148     
 Pf05_percentage:   0.13553792701682962     
 Pf5_percentage:    2.2730170585721847E-002
 Pf10_percentage:    1.3864977621320326E-002
 Pf20_percentage:    7.2951718947811038E-003
 Pf30_percentage:    4.2830605465407397E-003
 Pf40_percentage:    2.5329729925774639E-003
 Pf50_percentage:    1.4940842988825961E-003

   The results of the Outlet is: 
      NSCE:   0.71607312480567542     
      Bias(%):    3.9632239383634582     
      CC:   0.85771861619163137     
 Runoff_total:    20506.142687606982     
 Hydrological runtime (s):    90.897289823275059     
 Landslide runtime (s):    2412.7202469960321     
 De =          810
 Loading States at date: 2012070200    
 Unstable_percentage:   0.15926802619931929     
 Pf05_percentage:   0.13654196413290975     
 Pf5_percentage:    2.2726062066409539E-002
 Pf10_percentage:    1.3853360428782076E-002
 Pf20_percentage:    7.2919134139472043E-003
 Pf30_percentage:    4.2870273927733127E-003
 Pf40_percentage:    2.5427484350791611E-003
 Pf50_percentage:    1.5004595874706596E-003

   The results of the Outlet is: 
      NSCE:   0.71614592104459740     
      Bias(%):    3.9756835776296739     
      CC:   0.85776481609808986     
 Runoff_total:    20508.600279156668     
 Hydrological runtime (s):    83.783730514580384     
 Landslide runtime (s):    2565.1005704558920     
 De =          850
 Loading States at date: 2012070200    
 Unstable_percentage:   0.16062213749542395     
 Pf05_percentage:   0.13793220206434678     
 Pf5_percentage:    2.2689935431077179E-002
 Pf10_percentage:    1.3842734947801971E-002
 Pf20_percentage:    7.2818546252860382E-003
 Pf30_percentage:    4.2724350655606340E-003
 Pf40_percentage:    2.5358064541721589E-003
 Pf50_percentage:    1.4921008757663096E-003

   The results of the Outlet is: 
      NSCE:   0.71614592104459740     
      Bias(%):    3.9756835776296739     
      CC:   0.85776481609808986     
 Runoff_total:    20508.600279156668     
 Hydrological runtime (s):    100.05180481076241     
 Landslide runtime (s):    2652.1442952018697     
 De =          890
 Loading States at date: 2012070200    
 Unstable_percentage:   0.16217034091076524     
 Pf05_percentage:   0.13946000455620625     
 Pf5_percentage:    2.2710336354558984E-002
 Pf10_percentage:    1.3843301640120910E-002
 Pf20_percentage:    7.2800128752494864E-003
 Pf30_percentage:    4.2731434309593083E-003
 Pf40_percentage:    2.5399149734844665E-003
 Pf50_percentage:    1.4996095489922510E-003

   The results of the Outlet is: 
      NSCE:   0.71614592104459729     
      Bias(%):    3.9756835776296962     
      CC:   0.85776481609808986     
 Runoff_total:    20508.600279156675     
 Hydrological runtime (s):    117.29933415446430     
 Landslide runtime (s):    2828.0370553780813     
 De =          930
 Loading States at date: 2012070200    
 Unstable_percentage:   0.16256022522619523     
 Pf05_percentage:   0.13987312325671275     
 Pf5_percentage:    2.2687101969482485E-002
 Pf10_percentage:    1.3859027351971465E-002
 Pf20_percentage:    7.2829880099239156E-003
 Pf30_percentage:    4.2795187195473717E-003
 Pf40_percentage:    2.5376482042087107E-003
 Pf50_percentage:    1.4963510681583519E-003

   The results of the Outlet is: 
      NSCE:   0.71614592104459729     
      Bias(%):    3.9756835776297184     
      CC:   0.85776481609808974     
 Runoff_total:    20508.600279156679     
 Hydrological runtime (s):    132.72137386770919     
 Landslide runtime (s):    3041.6879702049773     
 De =          970
 Loading States at date: 2012070200    
 Unstable_percentage:   0.16388104334856224     
 Pf05_percentage:   0.14120145005230569     
 Pf5_percentage:    2.2679593296256545E-002
 Pf10_percentage:    1.3865119294400060E-002
 Pf20_percentage:    7.2933301447445521E-003
 Pf30_percentage:    4.2735684501985123E-003
 Pf40_percentage:    2.5285811271056869E-003
 Pf50_percentage:    1.4942259719623308E-003

   The results of the Outlet is: 
      NSCE:   0.71607939697636436     
      Bias(%):    3.9681384747072723     
      CC:   0.85772360957588278     
 Runoff_total:    20507.112051384789     
 Hydrological runtime (s):    111.24259852012619     
 Landslide runtime (s):    3284.4732440451626     
 De =         1010
 Loading States at date: 2012070200    
 Unstable_percentage:   0.16474893263501728     
 Pf05_percentage:   0.14206565583868763     
 Pf5_percentage:    2.2683276796329647E-002
 Pf10_percentage:    1.3868944467552899E-002
 Pf20_percentage:    7.2920550870269390E-003
 Pf30_percentage:    4.2977945468331532E-003
 Pf40_percentage:    2.5498320890658985E-003
 Pf50_percentage:    1.5004595874706596E-003

   The results of the Outlet is: 
      NSCE:   0.71614592104459740     
      Bias(%):    3.9756835776296739     
      CC:   0.85776481609808986     
 Runoff_total:    20508.600279156668     
 Hydrological runtime (s):    87.261602377519011     
 Landslide runtime (s):    3211.3715653009713     
 De =         1050
 Loading States at date: 2012070200    
 Unstable_percentage:   0.16564487319125978     
 Pf05_percentage:   0.14296570491424246     
 Pf5_percentage:    2.2679168277017339E-002
 Pf10_percentage:    1.3852793736463137E-002
 Pf20_percentage:    7.2861048176780805E-003
 Pf30_percentage:    4.2778186425905546E-003
 Pf40_percentage:    2.5383565696073841E-003
 Pf50_percentage:    1.4996095489922510E-003

   The results of the Outlet is: 
      NSCE:   0.71614592104459729     
      Bias(%):    3.9756835776296962     
      CC:   0.85776481609808986     
 Runoff_total:    20508.600279156675     
 Hydrological runtime (s):    111.82887357170694     
 Landslide runtime (s):    3368.9586420150008     
 De =         1090
 Loading States at date: 2012070200    
 Unstable_percentage:   0.16674878982855290     
 Pf05_percentage:   0.14404157028174808     
 Pf5_percentage:    2.2707219546804817E-002
 Pf10_percentage:    1.3866536025197407E-002
 Pf20_percentage:    7.2950302217013692E-003
 Pf30_percentage:    4.2830605465407397E-003
 Pf40_percentage:    2.5329729925774639E-003
 Pf50_percentage:    1.4946509912015351E-003

   The results of the Outlet is: 
      NSCE:   0.71614592104459729     
      Bias(%):    3.9756835776296962     
      CC:   0.85776481609808974     
 Runoff_total:    20508.600279156675     
 Hydrological runtime (s):    119.59915437875316     
 Landslide runtime (s):    3460.0931909941137     
 De =         1130
 Loading States at date: 2012070200    
 Unstable_percentage:   0.16750277395890120     
 Pf05_percentage:   0.14479654612365453     
 Pf5_percentage:    2.2706227835246676E-002
 Pf10_percentage:    1.3830692736024518E-002
 Pf20_percentage:    7.2817129522063035E-003
 Pf30_percentage:    4.2681848731685925E-003
 Pf40_percentage:    2.5392066080857927E-003
 Pf50_percentage:    1.4911091642081664E-003

   The results of the Outlet is: 
      NSCE:   0.71614592104459729     
      Bias(%):    3.9756835776296962     
      CC:   0.85776481609808986     
 Runoff_total:    20508.600279156675     
 Hydrological runtime (s):    115.41420120093971     
 Landslide runtime (s):    3574.9415187509730     
 De =         1170
 Loading States at date: 2012070200    
 Unstable_percentage:   0.16841812372706738     
 Pf05_percentage:   0.14577168193146878     
 Pf5_percentage:    2.2646441795598615E-002
 Pf10_percentage:    1.3853785448021280E-002
 Pf20_percentage:    7.2934718178242867E-003
 Pf30_percentage:    4.2766852579526763E-003
 Pf40_percentage:    2.5382148965276494E-003
 Pf50_percentage:    1.4967760873975562E-003

   The results of the Outlet is: 
      NSCE:   0.71614592104459729     
      Bias(%):    3.9756835776297184     
      CC:   0.85776481609808974     
 Runoff_total:    20508.600279156679     
 Hydrological runtime (s):    123.76073693181388     
 Landslide runtime (s):    3689.9727127659135     
 De =         1210
 Loading States at date: 2012070200    
 Unstable_percentage:   0.16872909613708514     
 Pf05_percentage:   0.14605715318713428     
 Pf5_percentage:    2.2671942949950868E-002
 Pf10_percentage:    1.3857468948094384E-002
 Pf20_percentage:    7.2839797214820593E-003
 Pf30_percentage:    4.2722933924808993E-003
 Pf40_percentage:    2.5341063772153418E-003
 Pf50_percentage:    1.4945093181218004E-003

   The results of the Outlet is: 
      NSCE:   0.71614592104459740     
      Bias(%):    3.9756835776296739     
      CC:   0.85776481609808986     
 Runoff_total:    20508.600279156668     
 Hydrological runtime (s):    87.506658910075203     
 Landslide runtime (s):    3980.6550278430805     

 ------------------------------------------


 Run end date and time (yyyy/mm/dd hh:mm:ss): 2023/01/07  8:42:19
 Elapsed run time: 19 Hours, 17 Minutes, 27 Seconds

