    
  Subbasin number: 48
  Thread for hydrology: 1
  Total tile numbber for landslide: 0
  Thread for landslide: 0
  landslide density: 0
           1  2012-07-02 01:00:00
           2  2012-07-02 02:00:00
           3  2012-07-02 03:00:00
           4  2012-07-02 04:00:00
           5  2012-07-02 05:00:00
           6  2012-07-02 06:00:00
           7  2012-07-02 07:00:00
           8  2012-07-02 08:00:00
           9  2012-07-02 09:00:00
          10  2012-07-02 10:00:00
 Hydrological runtime (s):    10.543147972319275     
 Landslide runtime (s):    0.0000000000000000     
 -----------------------------
  Subbasin number: 48
  Thread for hydrology: 2
  Total tile numbber for landslide: 0
  Thread for landslide: 0
  landslide density: 0
           1  2012-07-02 01:00:00
           2  2012-07-02 02:00:00
           3  2012-07-02 03:00:00
           4  2012-07-02 04:00:00
           5  2012-07-02 05:00:00
           6  2012-07-02 06:00:00
           7  2012-07-02 07:00:00
           8  2012-07-02 08:00:00
           9  2012-07-02 09:00:00
          10  2012-07-02 10:00:00
 Hydrological runtime (s):    5.331570009080072     
 Landslide runtime (s):    0.0000000000000000     
 -----------------------------
  Subbasin number: 48
  Thread for hydrology: 4
  Total tile numbber for landslide: 0
  Thread for landslide: 0
  landslide density: 0
           1  2012-07-02 01:00:00
           2  2012-07-02 02:00:00
           3  2012-07-02 03:00:00
           4  2012-07-02 04:00:00
           5  2012-07-02 05:00:00
           6  2012-07-02 06:00:00
           7  2012-07-02 07:00:00
           8  2012-07-02 08:00:00
           9  2012-07-02 09:00:00
          10  2012-07-02 10:00:00
 Hydrological runtime (s):    3.857350022532046     
 Landslide runtime (s):    0.0000000000000000     
 -----------------------------
  Subbasin number: 48
  Thread for hydrology: 6
  Total tile numbber for landslide: 0
  Thread for landslide: 0
  landslide density: 0
           1  2012-07-02 01:00:00
           2  2012-07-02 02:00:00
           3  2012-07-02 03:00:00
           4  2012-07-02 04:00:00
           5  2012-07-02 05:00:00
           6  2012-07-02 06:00:00
           7  2012-07-02 07:00:00
           8  2012-07-02 08:00:00
           9  2012-07-02 09:00:00
          10  2012-07-02 10:00:00
 Hydrological runtime (s):    2.9947405628239117   
 Landslide runtime (s):    0.0000000000000000     
 -----------------------------
  Subbasin number: 48
  Thread for hydrology: 8
  Total tile numbber for landslide: 0
  Thread for landslide: 0
  landslide density: 0
           1  2012-07-02 01:00:00
           2  2012-07-02 02:00:00
           3  2012-07-02 03:00:00
           4  2012-07-02 04:00:00
           5  2012-07-02 05:00:00
           6  2012-07-02 06:00:00
           7  2012-07-02 07:00:00
           8  2012-07-02 08:00:00
           9  2012-07-02 09:00:00
          10  2012-07-02 10:00:00
 Hydrological runtime (s):    2.8448629711444178   
 Landslide runtime (s):    0.0000000000000000     
 -----------------------------
  Subbasin number: 48
  Thread for hydrology: 10
  Total tile numbber for landslide: 0
  Thread for landslide: 0
  landslide density: 0
           1  2012-07-02 01:00:00
           2  2012-07-02 02:00:00
           3  2012-07-02 03:00:00
           4  2012-07-02 04:00:00
           5  2012-07-02 05:00:00
           6  2012-07-02 06:00:00
           7  2012-07-02 07:00:00
           8  2012-07-02 08:00:00
           9  2012-07-02 09:00:00
          10  2012-07-02 10:00:00
 Hydrological runtime (s):    2.947620808146894     
 Landslide runtime (s):    0.0000000000000000     
 -----------------------------
  Subbasin number: 48
  Thread for hydrology: 12
  Total tile numbber for landslide: 0
  Thread for landslide: 0
  landslide density: 0
           1  2012-07-02 01:00:00
           2  2012-07-02 02:00:00
           3  2012-07-02 03:00:00
           4  2012-07-02 04:00:00
           5  2012-07-02 05:00:00
           6  2012-07-02 06:00:00
           7  2012-07-02 07:00:00
           8  2012-07-02 08:00:00
           9  2012-07-02 09:00:00
          10  2012-07-02 10:00:00
 Hydrological runtime (s):    2.5035312812154493    
 Landslide runtime (s):    0.0000000000000000     
 -----------------------------
  Subbasin number: 48
  Thread for hydrology: 14
  Total tile numbber for landslide: 0
  Thread for landslide: 0
  landslide density: 0
           1  2012-07-02 01:00:00
           2  2012-07-02 02:00:00
           3  2012-07-02 03:00:00
           4  2012-07-02 04:00:00
           5  2012-07-02 05:00:00
           6  2012-07-02 06:00:00
           7  2012-07-02 07:00:00
           8  2012-07-02 08:00:00
           9  2012-07-02 09:00:00
          10  2012-07-02 10:00:00
 Hydrological runtime (s):    2.5208771356071034    
 Landslide runtime (s):    0.0000000000000000     
 -----------------------------
  Subbasin number: 48
  Thread for hydrology: 16
  Total tile numbber for landslide: 0
  Thread for landslide: 0
  landslide density: 0
           1  2012-07-02 01:00:00
           2  2012-07-02 02:00:00
           3  2012-07-02 03:00:00
           4  2012-07-02 04:00:00
           5  2012-07-02 05:00:00
           6  2012-07-02 06:00:00
           7  2012-07-02 07:00:00
           8  2012-07-02 08:00:00
           9  2012-07-02 09:00:00
          10  2012-07-02 10:00:00
 Hydrological runtime (s):    2.166343574722608     
 Landslide runtime (s):    0.0000000000000000     
 -----------------------------
  Subbasin number: 48
  Thread for hydrology: 18
  Total tile numbber for landslide: 0
  Thread for landslide: 0
  landslide density: 0
           1  2012-07-02 01:00:00
           2  2012-07-02 02:00:00
           3  2012-07-02 03:00:00
           4  2012-07-02 04:00:00
           5  2012-07-02 05:00:00
           6  2012-07-02 06:00:00
           7  2012-07-02 07:00:00
           8  2012-07-02 08:00:00
           9  2012-07-02 09:00:00
          10  2012-07-02 10:00:00
 Hydrological runtime (s):    2.299615570654472
 Landslide runtime (s):    0.0000000000000000     
 -----------------------------
  Subbasin number: 48
  Thread for hydrology: 20
  Total tile numbber for landslide: 0
  Thread for landslide: 0
  landslide density: 0
           1  2012-07-02 01:00:00
           2  2012-07-02 02:00:00
           3  2012-07-02 03:00:00
           4  2012-07-02 04:00:00
           5  2012-07-02 05:00:00
           6  2012-07-02 06:00:00
           7  2012-07-02 07:00:00
           8  2012-07-02 08:00:00
           9  2012-07-02 09:00:00
          10  2012-07-02 10:00:00
 Hydrological runtime (s):    2.113167332174877     
 Landslide runtime (s):    0.0000000000000000     
 -----------------------------
  Subbasin number: 48
  Thread for hydrology: 22
  Total tile numbber for landslide: 0
  Thread for landslide: 0
  landslide density: 0
           1  2012-07-02 01:00:00
           2  2012-07-02 02:00:00
           3  2012-07-02 03:00:00
           4  2012-07-02 04:00:00
           5  2012-07-02 05:00:00
           6  2012-07-02 06:00:00
           7  2012-07-02 07:00:00
           8  2012-07-02 08:00:00
           9  2012-07-02 09:00:00
          10  2012-07-02 10:00:00
 Hydrological runtime (s):    2.1118482341989875    
 Landslide runtime (s):    0.0000000000000000     
 -----------------------------
  Subbasin number: 48
  Thread for hydrology: 24
  Total tile numbber for landslide: 0
  Thread for landslide: 0
  landslide density: 0
           1  2012-07-02 01:00:00
           2  2012-07-02 02:00:00
           3  2012-07-02 03:00:00
           4  2012-07-02 04:00:00
           5  2012-07-02 05:00:00
           6  2012-07-02 06:00:00
           7  2012-07-02 07:00:00
           8  2012-07-02 08:00:00
           9  2012-07-02 09:00:00
          10  2012-07-02 10:00:00
 Hydrological runtime (s):    2.0788556104525924   
 Landslide runtime (s):    0.0000000000000000     
 -----------------------------
  Subbasin number: 48
  Thread for hydrology: 26
  Total tile numbber for landslide: 0
  Thread for landslide: 0
  landslide density: 0
           1  2012-07-02 01:00:00
           2  2012-07-02 02:00:00
           3  2012-07-02 03:00:00
           4  2012-07-02 04:00:00
           5  2012-07-02 05:00:00
           6  2012-07-02 06:00:00
           7  2012-07-02 07:00:00
           8  2012-07-02 08:00:00
           9  2012-07-02 09:00:00
          10  2012-07-02 10:00:00
 Hydrological runtime (s):   2.119264709452788   
 Landslide runtime (s):    0.0000000000000000     
 -----------------------------
  Subbasin number: 48
  Thread for hydrology: 28
  Total tile numbber for landslide: 0
  Thread for landslide: 0
  landslide density: 0
           1  2012-07-02 01:00:00
           2  2012-07-02 02:00:00
           3  2012-07-02 03:00:00
           4  2012-07-02 04:00:00
           5  2012-07-02 05:00:00
           6  2012-07-02 06:00:00
           7  2012-07-02 07:00:00
           8  2012-07-02 08:00:00
           9  2012-07-02 09:00:00
          10  2012-07-02 10:00:00
 Hydrological runtime (s):   2.123104827788969     
 Landslide runtime (s):    0.0000000000000000     
 -----------------------------
  Subbasin number: 48
  Thread for hydrology: 30
  Total tile numbber for landslide: 0
  Thread for landslide: 0
  landslide density: 0
           1  2012-07-02 01:00:00
           2  2012-07-02 02:00:00
           3  2012-07-02 03:00:00
           4  2012-07-02 04:00:00
           5  2012-07-02 05:00:00
           6  2012-07-02 06:00:00
           7  2012-07-02 07:00:00
           8  2012-07-02 08:00:00
           9  2012-07-02 09:00:00
          10  2012-07-02 10:00:00
 Hydrological runtime (s):    2.086266894514362   
 Landslide runtime (s):    0.0000000000000000     
 -----------------------------
  Subbasin number: 48
  Thread for hydrology: 32
  Total tile numbber for landslide: 0
  Thread for landslide: 0
  landslide density: 0
           1  2012-07-02 01:00:00
           2  2012-07-02 02:00:00
           3  2012-07-02 03:00:00
           4  2012-07-02 04:00:00
           5  2012-07-02 05:00:00
           6  2012-07-02 06:00:00
           7  2012-07-02 07:00:00
           8  2012-07-02 08:00:00
           9  2012-07-02 09:00:00
          10  2012-07-02 10:00:00
 Hydrological runtime (s):   1.9870543085659544    
 Landslide runtime (s):    0.0000000000000000     
 -----------------------------
  Subbasin number: 48
  Thread for hydrology: 34
  Total tile numbber for landslide: 0
  Thread for landslide: 0
  landslide density: 0
           1  2012-07-02 01:00:00
           2  2012-07-02 02:00:00
           3  2012-07-02 03:00:00
           4  2012-07-02 04:00:00
           5  2012-07-02 05:00:00
           6  2012-07-02 06:00:00
           7  2012-07-02 07:00:00
           8  2012-07-02 08:00:00
           9  2012-07-02 09:00:00
          10  2012-07-02 10:00:00
 Hydrological runtime (s):    1.7569480010618765    
 Landslide runtime (s):    0.0000000000000000     
 -----------------------------
  Subbasin number: 48
  Thread for hydrology: 36
  Total tile numbber for landslide: 0
  Thread for landslide: 0
  landslide density: 0
           1  2012-07-02 01:00:00
           2  2012-07-02 02:00:00
           3  2012-07-02 03:00:00
           4  2012-07-02 04:00:00
           5  2012-07-02 05:00:00
           6  2012-07-02 06:00:00
           7  2012-07-02 07:00:00
           8  2012-07-02 08:00:00
           9  2012-07-02 09:00:00
          10  2012-07-02 10:00:00
 Hydrological runtime (s):    2.048614463148018
 Landslide runtime (s):    0.0000000000000000     
 -----------------------------
  Subbasin number: 48
  Thread for hydrology: 38
  Total tile numbber for landslide: 0
  Thread for landslide: 0
  landslide density: 0
           1  2012-07-02 01:00:00
           2  2012-07-02 02:00:00
           3  2012-07-02 03:00:00
           4  2012-07-02 04:00:00
           5  2012-07-02 05:00:00
           6  2012-07-02 06:00:00
           7  2012-07-02 07:00:00
           8  2012-07-02 08:00:00
           9  2012-07-02 09:00:00
          10  2012-07-02 10:00:00
 Hydrological runtime (s):    2.090865102596581     
 Landslide runtime (s):    0.0000000000000000     
 -----------------------------
  Subbasin number: 48
  Thread for hydrology: 40
  Total tile numbber for landslide: 0
  Thread for landslide: 0
  landslide density: 0
           1  2012-07-02 01:00:00
           2  2012-07-02 02:00:00
           3  2012-07-02 03:00:00
           4  2012-07-02 04:00:00
           5  2012-07-02 05:00:00
           6  2012-07-02 06:00:00
           7  2012-07-02 07:00:00
           8  2012-07-02 08:00:00
           9  2012-07-02 09:00:00
          10  2012-07-02 10:00:00
 Hydrological runtime (s):    1.9396317219361663     
 Landslide runtime (s):    0.0000000000000000     
 -----------------------------
  Subbasin number: 48
  Thread for hydrology: 42
  Total tile numbber for landslide: 0
  Thread for landslide: 0
  landslide density: 0
           1  2012-07-02 01:00:00
           2  2012-07-02 02:00:00
           3  2012-07-02 03:00:00
           4  2012-07-02 04:00:00
           5  2012-07-02 05:00:00
           6  2012-07-02 06:00:00
           7  2012-07-02 07:00:00
           8  2012-07-02 08:00:00
           9  2012-07-02 09:00:00
          10  2012-07-02 10:00:00
 Hydrological runtime (s):    1.6321588767071564     
 Landslide runtime (s):    0.0000000000000000     
 -----------------------------
  Subbasin number: 48
  Thread for hydrology: 44
  Total tile numbber for landslide: 0
  Thread for landslide: 0
  landslide density: 0
           1  2012-07-02 01:00:00
           2  2012-07-02 02:00:00
           3  2012-07-02 03:00:00
           4  2012-07-02 04:00:00
           5  2012-07-02 05:00:00
           6  2012-07-02 06:00:00
           7  2012-07-02 07:00:00
           8  2012-07-02 08:00:00
           9  2012-07-02 09:00:00
          10  2012-07-02 10:00:00
 Hydrological runtime (s):   1.6501747040698926    
 Landslide runtime (s):    0.0000000000000000     
 -----------------------------
  Subbasin number: 48
  Thread for hydrology: 46
  Total tile numbber for landslide: 0
  Thread for landslide: 0
  landslide density: 0
           1  2012-07-02 01:00:00
           2  2012-07-02 02:00:00
           3  2012-07-02 03:00:00
           4  2012-07-02 04:00:00
           5  2012-07-02 05:00:00
           6  2012-07-02 06:00:00
           7  2012-07-02 07:00:00
           8  2012-07-02 08:00:00
           9  2012-07-02 09:00:00
          10  2012-07-02 10:00:00
 Hydrological runtime (s):    1.5618597359086077     
 Landslide runtime (s):    0.0000000000000000     
 -----------------------------
  Subbasin number: 48
  Thread for hydrology: 48
  Total tile numbber for landslide: 0
  Thread for landslide: 0
  landslide density: 0
           1  2012-07-02 01:00:00
           2  2012-07-02 02:00:00
           3  2012-07-02 03:00:00
           4  2012-07-02 04:00:00
           5  2012-07-02 05:00:00
           6  2012-07-02 06:00:00
           7  2012-07-02 07:00:00
           8  2012-07-02 08:00:00
           9  2012-07-02 09:00:00
          10  2012-07-02 10:00:00
 Hydrological runtime (s):    1.3591715820754569     
 Landslide runtime (s):    0.0000000000000000     
 -----------------------------
