  
  Subbasin number: 6
  Thread for hydrology: 1
  Total tile numbber for landslide: 0
  Thread for landslide: 0
  landslide density: 0
           1  2012-07-02 01:00:00
           2  2012-07-02 02:00:00
           3  2012-07-02 03:00:00
           4  2012-07-02 04:00:00
           5  2012-07-02 05:00:00
           6  2012-07-02 06:00:00
           7  2012-07-02 07:00:00
           8  2012-07-02 08:00:00
           9  2012-07-02 09:00:00
          10  2012-07-02 10:00:00
          11  2012-07-02 11:00:00
          12  2012-07-02 12:00:00
          13  2012-07-02 13:00:00
          14  2012-07-02 14:00:00
          15  2012-07-02 15:00:00
          16  2012-07-02 16:00:00
          17  2012-07-02 17:00:00
          18  2012-07-02 18:00:00
          19  2012-07-02 19:00:00
          20  2012-07-02 20:00:00
          21  2012-07-02 21:00:00
          22  2012-07-02 22:00:00
          23  2012-07-02 23:00:00
          24  2012-07-03 00:00:00
          25  2012-07-03 01:00:00
          26  2012-07-03 02:00:00
          27  2012-07-03 03:00:00
          28  2012-07-03 04:00:00
          29  2012-07-03 05:00:00
          30  2012-07-03 06:00:00
          31  2012-07-03 07:00:00
          32  2012-07-03 08:00:00
          33  2012-07-03 09:00:00
          34  2012-07-03 10:00:00
          35  2012-07-03 11:00:00
          36  2012-07-03 12:00:00
          37  2012-07-03 13:00:00
          38  2012-07-03 14:00:00
          39  2012-07-03 15:00:00
          40  2012-07-03 16:00:00
          41  2012-07-03 17:00:00
          42  2012-07-03 18:00:00
          43  2012-07-03 19:00:00
          44  2012-07-03 20:00:00
          45  2012-07-03 21:00:00
          46  2012-07-03 22:00:00
          47  2012-07-03 23:00:00
          48  2012-07-04 00:00:00
          49  2012-07-04 01:00:00
          50  2012-07-04 02:00:00
          51  2012-07-04 03:00:00
          52  2012-07-04 04:00:00
          53  2012-07-04 05:00:00
          54  2012-07-04 06:00:00
          55  2012-07-04 07:00:00
          56  2012-07-04 08:00:00
          57  2012-07-04 09:00:00
          58  2012-07-04 10:00:00
          59  2012-07-04 11:00:00
          60  2012-07-04 12:00:00
          61  2012-07-04 13:00:00
          62  2012-07-04 14:00:00
          63  2012-07-04 15:00:00
          64  2012-07-04 16:00:00
          65  2012-07-04 17:00:00
          66  2012-07-04 18:00:00
          67  2012-07-04 19:00:00
          68  2012-07-04 20:00:00
          69  2012-07-04 21:00:00
          70  2012-07-04 22:00:00
          71  2012-07-04 23:00:00
          72  2012-07-05 00:00:00
          73  2012-07-05 01:00:00
 Hydrological runtime (s):    60.071434070821851     
 Landslide runtime (s):    0.0000000000000000     
 -----------------------------
  Subbasin number: 6
  Thread for hydrology: 2
  Total tile numbber for landslide: 0
  Thread for landslide: 0
  landslide density: 0
           1  2012-07-02 01:00:00
           2  2012-07-02 02:00:00
           3  2012-07-02 03:00:00
           4  2012-07-02 04:00:00
           5  2012-07-02 05:00:00
           6  2012-07-02 06:00:00
           7  2012-07-02 07:00:00
           8  2012-07-02 08:00:00
           9  2012-07-02 09:00:00
          10  2012-07-02 10:00:00
          11  2012-07-02 11:00:00
          12  2012-07-02 12:00:00
          13  2012-07-02 13:00:00
          14  2012-07-02 14:00:00
          15  2012-07-02 15:00:00
          16  2012-07-02 16:00:00
          17  2012-07-02 17:00:00
          18  2012-07-02 18:00:00
          19  2012-07-02 19:00:00
          20  2012-07-02 20:00:00
          21  2012-07-02 21:00:00
          22  2012-07-02 22:00:00
          23  2012-07-02 23:00:00
          24  2012-07-03 00:00:00
          25  2012-07-03 01:00:00
          26  2012-07-03 02:00:00
          27  2012-07-03 03:00:00
          28  2012-07-03 04:00:00
          29  2012-07-03 05:00:00
          30  2012-07-03 06:00:00
          31  2012-07-03 07:00:00
          32  2012-07-03 08:00:00
          33  2012-07-03 09:00:00
          34  2012-07-03 10:00:00
          35  2012-07-03 11:00:00
          36  2012-07-03 12:00:00
          37  2012-07-03 13:00:00
          38  2012-07-03 14:00:00
          39  2012-07-03 15:00:00
          40  2012-07-03 16:00:00
          41  2012-07-03 17:00:00
          42  2012-07-03 18:00:00
          43  2012-07-03 19:00:00
          44  2012-07-03 20:00:00
          45  2012-07-03 21:00:00
          46  2012-07-03 22:00:00
          47  2012-07-03 23:00:00
          48  2012-07-04 00:00:00
          49  2012-07-04 01:00:00
          50  2012-07-04 02:00:00
          51  2012-07-04 03:00:00
          52  2012-07-04 04:00:00
          53  2012-07-04 05:00:00
          54  2012-07-04 06:00:00
          55  2012-07-04 07:00:00
          56  2012-07-04 08:00:00
          57  2012-07-04 09:00:00
          58  2012-07-04 10:00:00
          59  2012-07-04 11:00:00
          60  2012-07-04 12:00:00
          61  2012-07-04 13:00:00
          62  2012-07-04 14:00:00
          63  2012-07-04 15:00:00
          64  2012-07-04 16:00:00
          65  2012-07-04 17:00:00
          66  2012-07-04 18:00:00
          67  2012-07-04 19:00:00
          68  2012-07-04 20:00:00
          69  2012-07-04 21:00:00
          70  2012-07-04 22:00:00
          71  2012-07-04 23:00:00
          72  2012-07-05 00:00:00
          73  2012-07-05 01:00:00
 Hydrological runtime (s):   31.414781594959397
 Landslide runtime (s):    0.0000000000000000     
 -----------------------------
  Subbasin number: 6
  Thread for hydrology: 4
  Total tile numbber for landslide: 0
  Thread for landslide: 0
  landslide density: 0
           1  2012-07-02 01:00:00
           2  2012-07-02 02:00:00
           3  2012-07-02 03:00:00
           4  2012-07-02 04:00:00
           5  2012-07-02 05:00:00
           6  2012-07-02 06:00:00
           7  2012-07-02 07:00:00
           8  2012-07-02 08:00:00
           9  2012-07-02 09:00:00
          10  2012-07-02 10:00:00
          11  2012-07-02 11:00:00
          12  2012-07-02 12:00:00
          13  2012-07-02 13:00:00
          14  2012-07-02 14:00:00
          15  2012-07-02 15:00:00
          16  2012-07-02 16:00:00
          17  2012-07-02 17:00:00
          18  2012-07-02 18:00:00
          19  2012-07-02 19:00:00
          20  2012-07-02 20:00:00
          21  2012-07-02 21:00:00
          22  2012-07-02 22:00:00
          23  2012-07-02 23:00:00
          24  2012-07-03 00:00:00
          25  2012-07-03 01:00:00
          26  2012-07-03 02:00:00
          27  2012-07-03 03:00:00
          28  2012-07-03 04:00:00
          29  2012-07-03 05:00:00
          30  2012-07-03 06:00:00
          31  2012-07-03 07:00:00
          32  2012-07-03 08:00:00
          33  2012-07-03 09:00:00
          34  2012-07-03 10:00:00
          35  2012-07-03 11:00:00
          36  2012-07-03 12:00:00
          37  2012-07-03 13:00:00
          38  2012-07-03 14:00:00
          39  2012-07-03 15:00:00
          40  2012-07-03 16:00:00
          41  2012-07-03 17:00:00
          42  2012-07-03 18:00:00
          43  2012-07-03 19:00:00
          44  2012-07-03 20:00:00
          45  2012-07-03 21:00:00
          46  2012-07-03 22:00:00
          47  2012-07-03 23:00:00
          48  2012-07-04 00:00:00
          49  2012-07-04 01:00:00
          50  2012-07-04 02:00:00
          51  2012-07-04 03:00:00
          52  2012-07-04 04:00:00
          53  2012-07-04 05:00:00
          54  2012-07-04 06:00:00
          55  2012-07-04 07:00:00
          56  2012-07-04 08:00:00
          57  2012-07-04 09:00:00
          58  2012-07-04 10:00:00
          59  2012-07-04 11:00:00
          60  2012-07-04 12:00:00
          61  2012-07-04 13:00:00
          62  2012-07-04 14:00:00
          63  2012-07-04 15:00:00
          64  2012-07-04 16:00:00
          65  2012-07-04 17:00:00
          66  2012-07-04 18:00:00
          67  2012-07-04 19:00:00
          68  2012-07-04 20:00:00
          69  2012-07-04 21:00:00
          70  2012-07-04 22:00:00
          71  2012-07-04 23:00:00
          72  2012-07-05 00:00:00
          73  2012-07-05 01:00:00
 Hydrological runtime (s):    22.31527851490925     
 Landslide runtime (s):    0.0000000000000000     
 -----------------------------
  Subbasin number: 6
  Thread for hydrology: 6
  Total tile numbber for landslide: 0
  Thread for landslide: 0
  landslide density: 0
           1  2012-07-02 01:00:00
           2  2012-07-02 02:00:00
           3  2012-07-02 03:00:00
           4  2012-07-02 04:00:00
           5  2012-07-02 05:00:00
           6  2012-07-02 06:00:00
           7  2012-07-02 07:00:00
           8  2012-07-02 08:00:00
           9  2012-07-02 09:00:00
          10  2012-07-02 10:00:00
          11  2012-07-02 11:00:00
          12  2012-07-02 12:00:00
          13  2012-07-02 13:00:00
          14  2012-07-02 14:00:00
          15  2012-07-02 15:00:00
          16  2012-07-02 16:00:00
          17  2012-07-02 17:00:00
          18  2012-07-02 18:00:00
          19  2012-07-02 19:00:00
          20  2012-07-02 20:00:00
          21  2012-07-02 21:00:00
          22  2012-07-02 22:00:00
          23  2012-07-02 23:00:00
          24  2012-07-03 00:00:00
          25  2012-07-03 01:00:00
          26  2012-07-03 02:00:00
          27  2012-07-03 03:00:00
          28  2012-07-03 04:00:00
          29  2012-07-03 05:00:00
          30  2012-07-03 06:00:00
          31  2012-07-03 07:00:00
          32  2012-07-03 08:00:00
          33  2012-07-03 09:00:00
          34  2012-07-03 10:00:00
          35  2012-07-03 11:00:00
          36  2012-07-03 12:00:00
          37  2012-07-03 13:00:00
          38  2012-07-03 14:00:00
          39  2012-07-03 15:00:00
          40  2012-07-03 16:00:00
          41  2012-07-03 17:00:00
          42  2012-07-03 18:00:00
          43  2012-07-03 19:00:00
          44  2012-07-03 20:00:00
          45  2012-07-03 21:00:00
          46  2012-07-03 22:00:00
          47  2012-07-03 23:00:00
          48  2012-07-04 00:00:00
          49  2012-07-04 01:00:00
          50  2012-07-04 02:00:00
          51  2012-07-04 03:00:00
          52  2012-07-04 04:00:00
          53  2012-07-04 05:00:00
          54  2012-07-04 06:00:00
          55  2012-07-04 07:00:00
          56  2012-07-04 08:00:00
          57  2012-07-04 09:00:00
          58  2012-07-04 10:00:00
          59  2012-07-04 11:00:00
          60  2012-07-04 12:00:00
          61  2012-07-04 13:00:00
          62  2012-07-04 14:00:00
          63  2012-07-04 15:00:00
          64  2012-07-04 16:00:00
          65  2012-07-04 17:00:00
          66  2012-07-04 18:00:00
          67  2012-07-04 19:00:00
          68  2012-07-04 20:00:00
          69  2012-07-04 21:00:00
          70  2012-07-04 22:00:00
          71  2012-07-04 23:00:00
          72  2012-07-05 00:00:00
          73  2012-07-05 01:00:00
 Hydrological runtime (s):    22.993171035001676 
 Landslide runtime (s):    0.0000000000000000     
 -----------------------------
  Subbasin number: 6
  Thread for hydrology: 8
  Total tile numbber for landslide: 0
  Thread for landslide: 0
  landslide density: 0
           1  2012-07-02 01:00:00
           2  2012-07-02 02:00:00
           3  2012-07-02 03:00:00
           4  2012-07-02 04:00:00
           5  2012-07-02 05:00:00
           6  2012-07-02 06:00:00
           7  2012-07-02 07:00:00
           8  2012-07-02 08:00:00
           9  2012-07-02 09:00:00
          10  2012-07-02 10:00:00
          11  2012-07-02 11:00:00
          12  2012-07-02 12:00:00
          13  2012-07-02 13:00:00
          14  2012-07-02 14:00:00
          15  2012-07-02 15:00:00
          16  2012-07-02 16:00:00
          17  2012-07-02 17:00:00
          18  2012-07-02 18:00:00
          19  2012-07-02 19:00:00
          20  2012-07-02 20:00:00
          21  2012-07-02 21:00:00
          22  2012-07-02 22:00:00
          23  2012-07-02 23:00:00
          24  2012-07-03 00:00:00
          25  2012-07-03 01:00:00
          26  2012-07-03 02:00:00
          27  2012-07-03 03:00:00
          28  2012-07-03 04:00:00
          29  2012-07-03 05:00:00
          30  2012-07-03 06:00:00
          31  2012-07-03 07:00:00
          32  2012-07-03 08:00:00
          33  2012-07-03 09:00:00
          34  2012-07-03 10:00:00
          35  2012-07-03 11:00:00
          36  2012-07-03 12:00:00
          37  2012-07-03 13:00:00
          38  2012-07-03 14:00:00
          39  2012-07-03 15:00:00
          40  2012-07-03 16:00:00
          41  2012-07-03 17:00:00
          42  2012-07-03 18:00:00
          43  2012-07-03 19:00:00
          44  2012-07-03 20:00:00
          45  2012-07-03 21:00:00
          46  2012-07-03 22:00:00
          47  2012-07-03 23:00:00
          48  2012-07-04 00:00:00
          49  2012-07-04 01:00:00
          50  2012-07-04 02:00:00
          51  2012-07-04 03:00:00
          52  2012-07-04 04:00:00
          53  2012-07-04 05:00:00
          54  2012-07-04 06:00:00
          55  2012-07-04 07:00:00
          56  2012-07-04 08:00:00
          57  2012-07-04 09:00:00
          58  2012-07-04 10:00:00
          59  2012-07-04 11:00:00
          60  2012-07-04 12:00:00
          61  2012-07-04 13:00:00
          62  2012-07-04 14:00:00
          63  2012-07-04 15:00:00
          64  2012-07-04 16:00:00
          65  2012-07-04 17:00:00
          66  2012-07-04 18:00:00
          67  2012-07-04 19:00:00
          68  2012-07-04 20:00:00
          69  2012-07-04 21:00:00
          70  2012-07-04 22:00:00
          71  2012-07-04 23:00:00
          72  2012-07-05 00:00:00
          73  2012-07-05 01:00:00
 Hydrological runtime (s):    25.63053603253017   
 Landslide runtime (s):    0.0000000000000000     
 -----------------------------
  Subbasin number: 6
  Thread for hydrology: 10
  Total tile numbber for landslide: 0
  Thread for landslide: 0
  landslide density: 0
           1  2012-07-02 01:00:00
           2  2012-07-02 02:00:00
           3  2012-07-02 03:00:00
           4  2012-07-02 04:00:00
           5  2012-07-02 05:00:00
           6  2012-07-02 06:00:00
           7  2012-07-02 07:00:00
           8  2012-07-02 08:00:00
           9  2012-07-02 09:00:00
          10  2012-07-02 10:00:00
          11  2012-07-02 11:00:00
          12  2012-07-02 12:00:00
          13  2012-07-02 13:00:00
          14  2012-07-02 14:00:00
          15  2012-07-02 15:00:00
          16  2012-07-02 16:00:00
          17  2012-07-02 17:00:00
          18  2012-07-02 18:00:00
          19  2012-07-02 19:00:00
          20  2012-07-02 20:00:00
          21  2012-07-02 21:00:00
          22  2012-07-02 22:00:00
          23  2012-07-02 23:00:00
          24  2012-07-03 00:00:00
          25  2012-07-03 01:00:00
          26  2012-07-03 02:00:00
          27  2012-07-03 03:00:00
          28  2012-07-03 04:00:00
          29  2012-07-03 05:00:00
          30  2012-07-03 06:00:00
          31  2012-07-03 07:00:00
          32  2012-07-03 08:00:00
          33  2012-07-03 09:00:00
          34  2012-07-03 10:00:00
          35  2012-07-03 11:00:00
          36  2012-07-03 12:00:00
          37  2012-07-03 13:00:00
          38  2012-07-03 14:00:00
          39  2012-07-03 15:00:00
          40  2012-07-03 16:00:00
          41  2012-07-03 17:00:00
          42  2012-07-03 18:00:00
          43  2012-07-03 19:00:00
          44  2012-07-03 20:00:00
          45  2012-07-03 21:00:00
          46  2012-07-03 22:00:00
          47  2012-07-03 23:00:00
          48  2012-07-04 00:00:00
          49  2012-07-04 01:00:00
          50  2012-07-04 02:00:00
          51  2012-07-04 03:00:00
          52  2012-07-04 04:00:00
          53  2012-07-04 05:00:00
          54  2012-07-04 06:00:00
          55  2012-07-04 07:00:00
          56  2012-07-04 08:00:00
          57  2012-07-04 09:00:00
          58  2012-07-04 10:00:00
          59  2012-07-04 11:00:00
          60  2012-07-04 12:00:00
          61  2012-07-04 13:00:00
          62  2012-07-04 14:00:00
          63  2012-07-04 15:00:00
          64  2012-07-04 16:00:00
          65  2012-07-04 17:00:00
          66  2012-07-04 18:00:00
          67  2012-07-04 19:00:00
          68  2012-07-04 20:00:00
          69  2012-07-04 21:00:00
          70  2012-07-04 22:00:00
          71  2012-07-04 23:00:00
          72  2012-07-05 00:00:00
          73  2012-07-05 01:00:00
 Hydrological runtime (s):    25.560137493846316     
 Landslide runtime (s):    0.0000000000000000     
 -----------------------------
  Subbasin number: 6
  Thread for hydrology: 12
  Total tile numbber for landslide: 0
  Thread for landslide: 0
  landslide density: 0
           1  2012-07-02 01:00:00
           2  2012-07-02 02:00:00
           3  2012-07-02 03:00:00
           4  2012-07-02 04:00:00
           5  2012-07-02 05:00:00
           6  2012-07-02 06:00:00
           7  2012-07-02 07:00:00
           8  2012-07-02 08:00:00
           9  2012-07-02 09:00:00
          10  2012-07-02 10:00:00
          11  2012-07-02 11:00:00
          12  2012-07-02 12:00:00
          13  2012-07-02 13:00:00
          14  2012-07-02 14:00:00
          15  2012-07-02 15:00:00
          16  2012-07-02 16:00:00
          17  2012-07-02 17:00:00
          18  2012-07-02 18:00:00
          19  2012-07-02 19:00:00
          20  2012-07-02 20:00:00
          21  2012-07-02 21:00:00
          22  2012-07-02 22:00:00
          23  2012-07-02 23:00:00
          24  2012-07-03 00:00:00
          25  2012-07-03 01:00:00
          26  2012-07-03 02:00:00
          27  2012-07-03 03:00:00
          28  2012-07-03 04:00:00
          29  2012-07-03 05:00:00
          30  2012-07-03 06:00:00
          31  2012-07-03 07:00:00
          32  2012-07-03 08:00:00
          33  2012-07-03 09:00:00
          34  2012-07-03 10:00:00
          35  2012-07-03 11:00:00
          36  2012-07-03 12:00:00
          37  2012-07-03 13:00:00
          38  2012-07-03 14:00:00
          39  2012-07-03 15:00:00
          40  2012-07-03 16:00:00
          41  2012-07-03 17:00:00
          42  2012-07-03 18:00:00
          43  2012-07-03 19:00:00
          44  2012-07-03 20:00:00
          45  2012-07-03 21:00:00
          46  2012-07-03 22:00:00
          47  2012-07-03 23:00:00
          48  2012-07-04 00:00:00
          49  2012-07-04 01:00:00
          50  2012-07-04 02:00:00
          51  2012-07-04 03:00:00
          52  2012-07-04 04:00:00
          53  2012-07-04 05:00:00
          54  2012-07-04 06:00:00
          55  2012-07-04 07:00:00
          56  2012-07-04 08:00:00
          57  2012-07-04 09:00:00
          58  2012-07-04 10:00:00
          59  2012-07-04 11:00:00
          60  2012-07-04 12:00:00
          61  2012-07-04 13:00:00
          62  2012-07-04 14:00:00
          63  2012-07-04 15:00:00
          64  2012-07-04 16:00:00
          65  2012-07-04 17:00:00
          66  2012-07-04 18:00:00
          67  2012-07-04 19:00:00
          68  2012-07-04 20:00:00
          69  2012-07-04 21:00:00
          70  2012-07-04 22:00:00
          71  2012-07-04 23:00:00
          72  2012-07-05 00:00:00
          73  2012-07-05 01:00:00
 Hydrological runtime (s):    25.415126162891585    
 Landslide runtime (s):    0.0000000000000000     
 -----------------------------
  Subbasin number: 6
  Thread for hydrology: 14
  Total tile numbber for landslide: 0
  Thread for landslide: 0
  landslide density: 0
           1  2012-07-02 01:00:00
           2  2012-07-02 02:00:00
           3  2012-07-02 03:00:00
           4  2012-07-02 04:00:00
           5  2012-07-02 05:00:00
           6  2012-07-02 06:00:00
           7  2012-07-02 07:00:00
           8  2012-07-02 08:00:00
           9  2012-07-02 09:00:00
          10  2012-07-02 10:00:00
          11  2012-07-02 11:00:00
          12  2012-07-02 12:00:00
          13  2012-07-02 13:00:00
          14  2012-07-02 14:00:00
          15  2012-07-02 15:00:00
          16  2012-07-02 16:00:00
          17  2012-07-02 17:00:00
          18  2012-07-02 18:00:00
          19  2012-07-02 19:00:00
          20  2012-07-02 20:00:00
          21  2012-07-02 21:00:00
          22  2012-07-02 22:00:00
          23  2012-07-02 23:00:00
          24  2012-07-03 00:00:00
          25  2012-07-03 01:00:00
          26  2012-07-03 02:00:00
          27  2012-07-03 03:00:00
          28  2012-07-03 04:00:00
          29  2012-07-03 05:00:00
          30  2012-07-03 06:00:00
          31  2012-07-03 07:00:00
          32  2012-07-03 08:00:00
          33  2012-07-03 09:00:00
          34  2012-07-03 10:00:00
          35  2012-07-03 11:00:00
          36  2012-07-03 12:00:00
          37  2012-07-03 13:00:00
          38  2012-07-03 14:00:00
          39  2012-07-03 15:00:00
          40  2012-07-03 16:00:00
          41  2012-07-03 17:00:00
          42  2012-07-03 18:00:00
          43  2012-07-03 19:00:00
          44  2012-07-03 20:00:00
          45  2012-07-03 21:00:00
          46  2012-07-03 22:00:00
          47  2012-07-03 23:00:00
          48  2012-07-04 00:00:00
          49  2012-07-04 01:00:00
          50  2012-07-04 02:00:00
          51  2012-07-04 03:00:00
          52  2012-07-04 04:00:00
          53  2012-07-04 05:00:00
          54  2012-07-04 06:00:00
          55  2012-07-04 07:00:00
          56  2012-07-04 08:00:00
          57  2012-07-04 09:00:00
          58  2012-07-04 10:00:00
          59  2012-07-04 11:00:00
          60  2012-07-04 12:00:00
          61  2012-07-04 13:00:00
          62  2012-07-04 14:00:00
          63  2012-07-04 15:00:00
          64  2012-07-04 16:00:00
          65  2012-07-04 17:00:00
          66  2012-07-04 18:00:00
          67  2012-07-04 19:00:00
          68  2012-07-04 20:00:00
          69  2012-07-04 21:00:00
          70  2012-07-04 22:00:00
          71  2012-07-04 23:00:00
          72  2012-07-05 00:00:00
          73  2012-07-05 01:00:00
 Hydrological runtime (s):    20.480680192820728     
 Landslide runtime (s):    0.0000000000000000     
 -----------------------------
  Subbasin number: 6
  Thread for hydrology: 16
  Total tile numbber for landslide: 0
  Thread for landslide: 0
  landslide density: 0
           1  2012-07-02 01:00:00
           2  2012-07-02 02:00:00
           3  2012-07-02 03:00:00
           4  2012-07-02 04:00:00
           5  2012-07-02 05:00:00
           6  2012-07-02 06:00:00
           7  2012-07-02 07:00:00
           8  2012-07-02 08:00:00
           9  2012-07-02 09:00:00
          10  2012-07-02 10:00:00
          11  2012-07-02 11:00:00
          12  2012-07-02 12:00:00
          13  2012-07-02 13:00:00
          14  2012-07-02 14:00:00
          15  2012-07-02 15:00:00
          16  2012-07-02 16:00:00
          17  2012-07-02 17:00:00
          18  2012-07-02 18:00:00
          19  2012-07-02 19:00:00
          20  2012-07-02 20:00:00
          21  2012-07-02 21:00:00
          22  2012-07-02 22:00:00
          23  2012-07-02 23:00:00
          24  2012-07-03 00:00:00
          25  2012-07-03 01:00:00
          26  2012-07-03 02:00:00
          27  2012-07-03 03:00:00
          28  2012-07-03 04:00:00
          29  2012-07-03 05:00:00
          30  2012-07-03 06:00:00
          31  2012-07-03 07:00:00
          32  2012-07-03 08:00:00
          33  2012-07-03 09:00:00
          34  2012-07-03 10:00:00
          35  2012-07-03 11:00:00
          36  2012-07-03 12:00:00
          37  2012-07-03 13:00:00
          38  2012-07-03 14:00:00
          39  2012-07-03 15:00:00
          40  2012-07-03 16:00:00
          41  2012-07-03 17:00:00
          42  2012-07-03 18:00:00
          43  2012-07-03 19:00:00
          44  2012-07-03 20:00:00
          45  2012-07-03 21:00:00
          46  2012-07-03 22:00:00
          47  2012-07-03 23:00:00
          48  2012-07-04 00:00:00
          49  2012-07-04 01:00:00
          50  2012-07-04 02:00:00
          51  2012-07-04 03:00:00
          52  2012-07-04 04:00:00
          53  2012-07-04 05:00:00
          54  2012-07-04 06:00:00
          55  2012-07-04 07:00:00
          56  2012-07-04 08:00:00
          57  2012-07-04 09:00:00
          58  2012-07-04 10:00:00
          59  2012-07-04 11:00:00
          60  2012-07-04 12:00:00
          61  2012-07-04 13:00:00
          62  2012-07-04 14:00:00
          63  2012-07-04 15:00:00
          64  2012-07-04 16:00:00
          65  2012-07-04 17:00:00
          66  2012-07-04 18:00:00
          67  2012-07-04 19:00:00
          68  2012-07-04 20:00:00
          69  2012-07-04 21:00:00
          70  2012-07-04 22:00:00
          71  2012-07-04 23:00:00
          72  2012-07-05 00:00:00
          73  2012-07-05 01:00:00
 Hydrological runtime (s):    18.537603052022558    
 Landslide runtime (s):    0.0000000000000000     
 -----------------------------
  Subbasin number: 6
  Thread for hydrology: 18
  Total tile numbber for landslide: 0
  Thread for landslide: 0
  landslide density: 0
           1  2012-07-02 01:00:00
           2  2012-07-02 02:00:00
           3  2012-07-02 03:00:00
           4  2012-07-02 04:00:00
           5  2012-07-02 05:00:00
           6  2012-07-02 06:00:00
           7  2012-07-02 07:00:00
           8  2012-07-02 08:00:00
           9  2012-07-02 09:00:00
          10  2012-07-02 10:00:00
          11  2012-07-02 11:00:00
          12  2012-07-02 12:00:00
          13  2012-07-02 13:00:00
          14  2012-07-02 14:00:00
          15  2012-07-02 15:00:00
          16  2012-07-02 16:00:00
          17  2012-07-02 17:00:00
          18  2012-07-02 18:00:00
          19  2012-07-02 19:00:00
          20  2012-07-02 20:00:00
          21  2012-07-02 21:00:00
          22  2012-07-02 22:00:00
          23  2012-07-02 23:00:00
          24  2012-07-03 00:00:00
          25  2012-07-03 01:00:00
          26  2012-07-03 02:00:00
          27  2012-07-03 03:00:00
          28  2012-07-03 04:00:00
          29  2012-07-03 05:00:00
          30  2012-07-03 06:00:00
          31  2012-07-03 07:00:00
          32  2012-07-03 08:00:00
          33  2012-07-03 09:00:00
          34  2012-07-03 10:00:00
          35  2012-07-03 11:00:00
          36  2012-07-03 12:00:00
          37  2012-07-03 13:00:00
          38  2012-07-03 14:00:00
          39  2012-07-03 15:00:00
          40  2012-07-03 16:00:00
          41  2012-07-03 17:00:00
          42  2012-07-03 18:00:00
          43  2012-07-03 19:00:00
          44  2012-07-03 20:00:00
          45  2012-07-03 21:00:00
          46  2012-07-03 22:00:00
          47  2012-07-03 23:00:00
          48  2012-07-04 00:00:00
          49  2012-07-04 01:00:00
          50  2012-07-04 02:00:00
          51  2012-07-04 03:00:00
          52  2012-07-04 04:00:00
          53  2012-07-04 05:00:00
          54  2012-07-04 06:00:00
          55  2012-07-04 07:00:00
          56  2012-07-04 08:00:00
          57  2012-07-04 09:00:00
          58  2012-07-04 10:00:00
          59  2012-07-04 11:00:00
          60  2012-07-04 12:00:00
          61  2012-07-04 13:00:00
          62  2012-07-04 14:00:00
          63  2012-07-04 15:00:00
          64  2012-07-04 16:00:00
          65  2012-07-04 17:00:00
          66  2012-07-04 18:00:00
          67  2012-07-04 19:00:00
          68  2012-07-04 20:00:00
          69  2012-07-04 21:00:00
          70  2012-07-04 22:00:00
          71  2012-07-04 23:00:00
          72  2012-07-05 00:00:00
          73  2012-07-05 01:00:00
 Hydrological runtime (s):    21.74179938621819    
 Landslide runtime (s):    0.0000000000000000     
 -----------------------------
  Subbasin number: 6
  Thread for hydrology: 20
  Total tile numbber for landslide: 0
  Thread for landslide: 0
  landslide density: 0
           1  2012-07-02 01:00:00
           2  2012-07-02 02:00:00
           3  2012-07-02 03:00:00
           4  2012-07-02 04:00:00
           5  2012-07-02 05:00:00
           6  2012-07-02 06:00:00
           7  2012-07-02 07:00:00
           8  2012-07-02 08:00:00
           9  2012-07-02 09:00:00
          10  2012-07-02 10:00:00
          11  2012-07-02 11:00:00
          12  2012-07-02 12:00:00
          13  2012-07-02 13:00:00
          14  2012-07-02 14:00:00
          15  2012-07-02 15:00:00
          16  2012-07-02 16:00:00
          17  2012-07-02 17:00:00
          18  2012-07-02 18:00:00
          19  2012-07-02 19:00:00
          20  2012-07-02 20:00:00
          21  2012-07-02 21:00:00
          22  2012-07-02 22:00:00
          23  2012-07-02 23:00:00
          24  2012-07-03 00:00:00
          25  2012-07-03 01:00:00
          26  2012-07-03 02:00:00
          27  2012-07-03 03:00:00
          28  2012-07-03 04:00:00
          29  2012-07-03 05:00:00
          30  2012-07-03 06:00:00
          31  2012-07-03 07:00:00
          32  2012-07-03 08:00:00
          33  2012-07-03 09:00:00
          34  2012-07-03 10:00:00
          35  2012-07-03 11:00:00
          36  2012-07-03 12:00:00
          37  2012-07-03 13:00:00
          38  2012-07-03 14:00:00
          39  2012-07-03 15:00:00
          40  2012-07-03 16:00:00
          41  2012-07-03 17:00:00
          42  2012-07-03 18:00:00
          43  2012-07-03 19:00:00
          44  2012-07-03 20:00:00
          45  2012-07-03 21:00:00
          46  2012-07-03 22:00:00
          47  2012-07-03 23:00:00
          48  2012-07-04 00:00:00
          49  2012-07-04 01:00:00
          50  2012-07-04 02:00:00
          51  2012-07-04 03:00:00
          52  2012-07-04 04:00:00
          53  2012-07-04 05:00:00
          54  2012-07-04 06:00:00
          55  2012-07-04 07:00:00
          56  2012-07-04 08:00:00
          57  2012-07-04 09:00:00
          58  2012-07-04 10:00:00
          59  2012-07-04 11:00:00
          60  2012-07-04 12:00:00
          61  2012-07-04 13:00:00
          62  2012-07-04 14:00:00
          63  2012-07-04 15:00:00
          64  2012-07-04 16:00:00
          65  2012-07-04 17:00:00
          66  2012-07-04 18:00:00
          67  2012-07-04 19:00:00
          68  2012-07-04 20:00:00
          69  2012-07-04 21:00:00
          70  2012-07-04 22:00:00
          71  2012-07-04 23:00:00
          72  2012-07-05 00:00:00
          73  2012-07-05 01:00:00
 Hydrological runtime (s):    24.366842575371265     
 Landslide runtime (s):    0.0000000000000000     
 -----------------------------
  Subbasin number: 6
  Thread for hydrology: 22
  Total tile numbber for landslide: 0
  Thread for landslide: 0
  landslide density: 0
           1  2012-07-02 01:00:00
           2  2012-07-02 02:00:00
           3  2012-07-02 03:00:00
           4  2012-07-02 04:00:00
           5  2012-07-02 05:00:00
           6  2012-07-02 06:00:00
           7  2012-07-02 07:00:00
           8  2012-07-02 08:00:00
           9  2012-07-02 09:00:00
          10  2012-07-02 10:00:00
          11  2012-07-02 11:00:00
          12  2012-07-02 12:00:00
          13  2012-07-02 13:00:00
          14  2012-07-02 14:00:00
          15  2012-07-02 15:00:00
          16  2012-07-02 16:00:00
          17  2012-07-02 17:00:00
          18  2012-07-02 18:00:00
          19  2012-07-02 19:00:00
          20  2012-07-02 20:00:00
          21  2012-07-02 21:00:00
          22  2012-07-02 22:00:00
          23  2012-07-02 23:00:00
          24  2012-07-03 00:00:00
          25  2012-07-03 01:00:00
          26  2012-07-03 02:00:00
          27  2012-07-03 03:00:00
          28  2012-07-03 04:00:00
          29  2012-07-03 05:00:00
          30  2012-07-03 06:00:00
          31  2012-07-03 07:00:00
          32  2012-07-03 08:00:00
          33  2012-07-03 09:00:00
          34  2012-07-03 10:00:00
          35  2012-07-03 11:00:00
          36  2012-07-03 12:00:00
          37  2012-07-03 13:00:00
          38  2012-07-03 14:00:00
          39  2012-07-03 15:00:00
          40  2012-07-03 16:00:00
          41  2012-07-03 17:00:00
          42  2012-07-03 18:00:00
          43  2012-07-03 19:00:00
          44  2012-07-03 20:00:00
          45  2012-07-03 21:00:00
          46  2012-07-03 22:00:00
          47  2012-07-03 23:00:00
          48  2012-07-04 00:00:00
          49  2012-07-04 01:00:00
          50  2012-07-04 02:00:00
          51  2012-07-04 03:00:00
          52  2012-07-04 04:00:00
          53  2012-07-04 05:00:00
          54  2012-07-04 06:00:00
          55  2012-07-04 07:00:00
          56  2012-07-04 08:00:00
          57  2012-07-04 09:00:00
          58  2012-07-04 10:00:00
          59  2012-07-04 11:00:00
          60  2012-07-04 12:00:00
          61  2012-07-04 13:00:00
          62  2012-07-04 14:00:00
          63  2012-07-04 15:00:00
          64  2012-07-04 16:00:00
          65  2012-07-04 17:00:00
          66  2012-07-04 18:00:00
          67  2012-07-04 19:00:00
          68  2012-07-04 20:00:00
          69  2012-07-04 21:00:00
          70  2012-07-04 22:00:00
          71  2012-07-04 23:00:00
          72  2012-07-05 00:00:00
          73  2012-07-05 01:00:00
 Hydrological runtime (s):    25.12944729005297   
 Landslide runtime (s):    0.0000000000000000     
 -----------------------------
  Subbasin number: 6
  Thread for hydrology: 24
  Total tile numbber for landslide: 0
  Thread for landslide: 0
  landslide density: 0
           1  2012-07-02 01:00:00
           2  2012-07-02 02:00:00
           3  2012-07-02 03:00:00
           4  2012-07-02 04:00:00
           5  2012-07-02 05:00:00
           6  2012-07-02 06:00:00
           7  2012-07-02 07:00:00
           8  2012-07-02 08:00:00
           9  2012-07-02 09:00:00
          10  2012-07-02 10:00:00
          11  2012-07-02 11:00:00
          12  2012-07-02 12:00:00
          13  2012-07-02 13:00:00
          14  2012-07-02 14:00:00
          15  2012-07-02 15:00:00
          16  2012-07-02 16:00:00
          17  2012-07-02 17:00:00
          18  2012-07-02 18:00:00
          19  2012-07-02 19:00:00
          20  2012-07-02 20:00:00
          21  2012-07-02 21:00:00
          22  2012-07-02 22:00:00
          23  2012-07-02 23:00:00
          24  2012-07-03 00:00:00
          25  2012-07-03 01:00:00
          26  2012-07-03 02:00:00
          27  2012-07-03 03:00:00
          28  2012-07-03 04:00:00
          29  2012-07-03 05:00:00
          30  2012-07-03 06:00:00
          31  2012-07-03 07:00:00
          32  2012-07-03 08:00:00
          33  2012-07-03 09:00:00
          34  2012-07-03 10:00:00
          35  2012-07-03 11:00:00
          36  2012-07-03 12:00:00
          37  2012-07-03 13:00:00
          38  2012-07-03 14:00:00
          39  2012-07-03 15:00:00
          40  2012-07-03 16:00:00
          41  2012-07-03 17:00:00
          42  2012-07-03 18:00:00
          43  2012-07-03 19:00:00
          44  2012-07-03 20:00:00
          45  2012-07-03 21:00:00
          46  2012-07-03 22:00:00
          47  2012-07-03 23:00:00
          48  2012-07-04 00:00:00
          49  2012-07-04 01:00:00
          50  2012-07-04 02:00:00
          51  2012-07-04 03:00:00
          52  2012-07-04 04:00:00
          53  2012-07-04 05:00:00
          54  2012-07-04 06:00:00
          55  2012-07-04 07:00:00
          56  2012-07-04 08:00:00
          57  2012-07-04 09:00:00
          58  2012-07-04 10:00:00
          59  2012-07-04 11:00:00
          60  2012-07-04 12:00:00
          61  2012-07-04 13:00:00
          62  2012-07-04 14:00:00
          63  2012-07-04 15:00:00
          64  2012-07-04 16:00:00
          65  2012-07-04 17:00:00
          66  2012-07-04 18:00:00
          67  2012-07-04 19:00:00
          68  2012-07-04 20:00:00
          69  2012-07-04 21:00:00
          70  2012-07-04 22:00:00
          71  2012-07-04 23:00:00
          72  2012-07-05 00:00:00
          73  2012-07-05 01:00:00
 Hydrological runtime (s):   20.83961193015178     
 Landslide runtime (s):    0.0000000000000000     
 -----------------------------
  Subbasin number: 6
  Thread for hydrology: 26
  Total tile numbber for landslide: 0
  Thread for landslide: 0
  landslide density: 0
           1  2012-07-02 01:00:00
           2  2012-07-02 02:00:00
           3  2012-07-02 03:00:00
           4  2012-07-02 04:00:00
           5  2012-07-02 05:00:00
           6  2012-07-02 06:00:00
           7  2012-07-02 07:00:00
           8  2012-07-02 08:00:00
           9  2012-07-02 09:00:00
          10  2012-07-02 10:00:00
          11  2012-07-02 11:00:00
          12  2012-07-02 12:00:00
          13  2012-07-02 13:00:00
          14  2012-07-02 14:00:00
          15  2012-07-02 15:00:00
          16  2012-07-02 16:00:00
          17  2012-07-02 17:00:00
          18  2012-07-02 18:00:00
          19  2012-07-02 19:00:00
          20  2012-07-02 20:00:00
          21  2012-07-02 21:00:00
          22  2012-07-02 22:00:00
          23  2012-07-02 23:00:00
          24  2012-07-03 00:00:00
          25  2012-07-03 01:00:00
          26  2012-07-03 02:00:00
          27  2012-07-03 03:00:00
          28  2012-07-03 04:00:00
          29  2012-07-03 05:00:00
          30  2012-07-03 06:00:00
          31  2012-07-03 07:00:00
          32  2012-07-03 08:00:00
          33  2012-07-03 09:00:00
          34  2012-07-03 10:00:00
          35  2012-07-03 11:00:00
          36  2012-07-03 12:00:00
          37  2012-07-03 13:00:00
          38  2012-07-03 14:00:00
          39  2012-07-03 15:00:00
          40  2012-07-03 16:00:00
          41  2012-07-03 17:00:00
          42  2012-07-03 18:00:00
          43  2012-07-03 19:00:00
          44  2012-07-03 20:00:00
          45  2012-07-03 21:00:00
          46  2012-07-03 22:00:00
          47  2012-07-03 23:00:00
          48  2012-07-04 00:00:00
          49  2012-07-04 01:00:00
          50  2012-07-04 02:00:00
          51  2012-07-04 03:00:00
          52  2012-07-04 04:00:00
          53  2012-07-04 05:00:00
          54  2012-07-04 06:00:00
          55  2012-07-04 07:00:00
          56  2012-07-04 08:00:00
          57  2012-07-04 09:00:00
          58  2012-07-04 10:00:00
          59  2012-07-04 11:00:00
          60  2012-07-04 12:00:00
          61  2012-07-04 13:00:00
          62  2012-07-04 14:00:00
          63  2012-07-04 15:00:00
          64  2012-07-04 16:00:00
          65  2012-07-04 17:00:00
          66  2012-07-04 18:00:00
          67  2012-07-04 19:00:00
          68  2012-07-04 20:00:00
          69  2012-07-04 21:00:00
          70  2012-07-04 22:00:00
          71  2012-07-04 23:00:00
          72  2012-07-05 00:00:00
          73  2012-07-05 01:00:00
 Hydrological runtime (s):    24.43132769720008   
 Landslide runtime (s):    0.0000000000000000     
 -----------------------------
  Subbasin number: 6
  Thread for hydrology: 28
  Total tile numbber for landslide: 0
  Thread for landslide: 0
  landslide density: 0
           1  2012-07-02 01:00:00
           2  2012-07-02 02:00:00
           3  2012-07-02 03:00:00
           4  2012-07-02 04:00:00
           5  2012-07-02 05:00:00
           6  2012-07-02 06:00:00
           7  2012-07-02 07:00:00
           8  2012-07-02 08:00:00
           9  2012-07-02 09:00:00
          10  2012-07-02 10:00:00
          11  2012-07-02 11:00:00
          12  2012-07-02 12:00:00
          13  2012-07-02 13:00:00
          14  2012-07-02 14:00:00
          15  2012-07-02 15:00:00
          16  2012-07-02 16:00:00
          17  2012-07-02 17:00:00
          18  2012-07-02 18:00:00
          19  2012-07-02 19:00:00
          20  2012-07-02 20:00:00
          21  2012-07-02 21:00:00
          22  2012-07-02 22:00:00
          23  2012-07-02 23:00:00
          24  2012-07-03 00:00:00
          25  2012-07-03 01:00:00
          26  2012-07-03 02:00:00
          27  2012-07-03 03:00:00
          28  2012-07-03 04:00:00
          29  2012-07-03 05:00:00
          30  2012-07-03 06:00:00
          31  2012-07-03 07:00:00
          32  2012-07-03 08:00:00
          33  2012-07-03 09:00:00
          34  2012-07-03 10:00:00
          35  2012-07-03 11:00:00
          36  2012-07-03 12:00:00
          37  2012-07-03 13:00:00
          38  2012-07-03 14:00:00
          39  2012-07-03 15:00:00
          40  2012-07-03 16:00:00
          41  2012-07-03 17:00:00
          42  2012-07-03 18:00:00
          43  2012-07-03 19:00:00
          44  2012-07-03 20:00:00
          45  2012-07-03 21:00:00
          46  2012-07-03 22:00:00
          47  2012-07-03 23:00:00
          48  2012-07-04 00:00:00
          49  2012-07-04 01:00:00
          50  2012-07-04 02:00:00
          51  2012-07-04 03:00:00
          52  2012-07-04 04:00:00
          53  2012-07-04 05:00:00
          54  2012-07-04 06:00:00
          55  2012-07-04 07:00:00
          56  2012-07-04 08:00:00
          57  2012-07-04 09:00:00
          58  2012-07-04 10:00:00
          59  2012-07-04 11:00:00
          60  2012-07-04 12:00:00
          61  2012-07-04 13:00:00
          62  2012-07-04 14:00:00
          63  2012-07-04 15:00:00
          64  2012-07-04 16:00:00
          65  2012-07-04 17:00:00
          66  2012-07-04 18:00:00
          67  2012-07-04 19:00:00
          68  2012-07-04 20:00:00
          69  2012-07-04 21:00:00
          70  2012-07-04 22:00:00
          71  2012-07-04 23:00:00
          72  2012-07-05 00:00:00
          73  2012-07-05 01:00:00
 Hydrological runtime (s):   25.563464885888    
 Landslide runtime (s):    0.0000000000000000     
 -----------------------------
  Subbasin number: 6
  Thread for hydrology: 30
  Total tile numbber for landslide: 0
  Thread for landslide: 0
  landslide density: 0
           1  2012-07-02 01:00:00
           2  2012-07-02 02:00:00
           3  2012-07-02 03:00:00
           4  2012-07-02 04:00:00
           5  2012-07-02 05:00:00
           6  2012-07-02 06:00:00
           7  2012-07-02 07:00:00
           8  2012-07-02 08:00:00
           9  2012-07-02 09:00:00
          10  2012-07-02 10:00:00
          11  2012-07-02 11:00:00
          12  2012-07-02 12:00:00
          13  2012-07-02 13:00:00
          14  2012-07-02 14:00:00
          15  2012-07-02 15:00:00
          16  2012-07-02 16:00:00
          17  2012-07-02 17:00:00
          18  2012-07-02 18:00:00
          19  2012-07-02 19:00:00
          20  2012-07-02 20:00:00
          21  2012-07-02 21:00:00
          22  2012-07-02 22:00:00
          23  2012-07-02 23:00:00
          24  2012-07-03 00:00:00
          25  2012-07-03 01:00:00
          26  2012-07-03 02:00:00
          27  2012-07-03 03:00:00
          28  2012-07-03 04:00:00
          29  2012-07-03 05:00:00
          30  2012-07-03 06:00:00
          31  2012-07-03 07:00:00
          32  2012-07-03 08:00:00
          33  2012-07-03 09:00:00
          34  2012-07-03 10:00:00
          35  2012-07-03 11:00:00
          36  2012-07-03 12:00:00
          37  2012-07-03 13:00:00
          38  2012-07-03 14:00:00
          39  2012-07-03 15:00:00
          40  2012-07-03 16:00:00
          41  2012-07-03 17:00:00
          42  2012-07-03 18:00:00
          43  2012-07-03 19:00:00
          44  2012-07-03 20:00:00
          45  2012-07-03 21:00:00
          46  2012-07-03 22:00:00
          47  2012-07-03 23:00:00
          48  2012-07-04 00:00:00
          49  2012-07-04 01:00:00
          50  2012-07-04 02:00:00
          51  2012-07-04 03:00:00
          52  2012-07-04 04:00:00
          53  2012-07-04 05:00:00
          54  2012-07-04 06:00:00
          55  2012-07-04 07:00:00
          56  2012-07-04 08:00:00
          57  2012-07-04 09:00:00
          58  2012-07-04 10:00:00
          59  2012-07-04 11:00:00
          60  2012-07-04 12:00:00
          61  2012-07-04 13:00:00
          62  2012-07-04 14:00:00
          63  2012-07-04 15:00:00
          64  2012-07-04 16:00:00
          65  2012-07-04 17:00:00
          66  2012-07-04 18:00:00
          67  2012-07-04 19:00:00
          68  2012-07-04 20:00:00
          69  2012-07-04 21:00:00
          70  2012-07-04 22:00:00
          71  2012-07-04 23:00:00
          72  2012-07-05 00:00:00
          73  2012-07-05 01:00:00
 Hydrological runtime (s):    25.742305351421237     
 Landslide runtime (s):    0.0000000000000000     
 -----------------------------
  Subbasin number: 6
  Thread for hydrology: 32
  Total tile numbber for landslide: 0
  Thread for landslide: 0
  landslide density: 0
           1  2012-07-02 01:00:00
           2  2012-07-02 02:00:00
           3  2012-07-02 03:00:00
           4  2012-07-02 04:00:00
           5  2012-07-02 05:00:00
           6  2012-07-02 06:00:00
           7  2012-07-02 07:00:00
           8  2012-07-02 08:00:00
           9  2012-07-02 09:00:00
          10  2012-07-02 10:00:00
          11  2012-07-02 11:00:00
          12  2012-07-02 12:00:00
          13  2012-07-02 13:00:00
          14  2012-07-02 14:00:00
          15  2012-07-02 15:00:00
          16  2012-07-02 16:00:00
          17  2012-07-02 17:00:00
          18  2012-07-02 18:00:00
          19  2012-07-02 19:00:00
          20  2012-07-02 20:00:00
          21  2012-07-02 21:00:00
          22  2012-07-02 22:00:00
          23  2012-07-02 23:00:00
          24  2012-07-03 00:00:00
          25  2012-07-03 01:00:00
          26  2012-07-03 02:00:00
          27  2012-07-03 03:00:00
          28  2012-07-03 04:00:00
          29  2012-07-03 05:00:00
          30  2012-07-03 06:00:00
          31  2012-07-03 07:00:00
          32  2012-07-03 08:00:00
          33  2012-07-03 09:00:00
          34  2012-07-03 10:00:00
          35  2012-07-03 11:00:00
          36  2012-07-03 12:00:00
          37  2012-07-03 13:00:00
          38  2012-07-03 14:00:00
          39  2012-07-03 15:00:00
          40  2012-07-03 16:00:00
          41  2012-07-03 17:00:00
          42  2012-07-03 18:00:00
          43  2012-07-03 19:00:00
          44  2012-07-03 20:00:00
          45  2012-07-03 21:00:00
          46  2012-07-03 22:00:00
          47  2012-07-03 23:00:00
          48  2012-07-04 00:00:00
          49  2012-07-04 01:00:00
          50  2012-07-04 02:00:00
          51  2012-07-04 03:00:00
          52  2012-07-04 04:00:00
          53  2012-07-04 05:00:00
          54  2012-07-04 06:00:00
          55  2012-07-04 07:00:00
          56  2012-07-04 08:00:00
          57  2012-07-04 09:00:00
          58  2012-07-04 10:00:00
          59  2012-07-04 11:00:00
          60  2012-07-04 12:00:00
          61  2012-07-04 13:00:00
          62  2012-07-04 14:00:00
          63  2012-07-04 15:00:00
          64  2012-07-04 16:00:00
          65  2012-07-04 17:00:00
          66  2012-07-04 18:00:00
          67  2012-07-04 19:00:00
          68  2012-07-04 20:00:00
          69  2012-07-04 21:00:00
          70  2012-07-04 22:00:00
          71  2012-07-04 23:00:00
          72  2012-07-05 00:00:00
          73  2012-07-05 01:00:00
 Hydrological runtime (s):    25.77139673475176   
 Landslide runtime (s):    0.0000000000000000     
 -----------------------------
  Subbasin number: 6
  Thread for hydrology: 34
  Total tile numbber for landslide: 0
  Thread for landslide: 0
  landslide density: 0
           1  2012-07-02 01:00:00
           2  2012-07-02 02:00:00
           3  2012-07-02 03:00:00
           4  2012-07-02 04:00:00
           5  2012-07-02 05:00:00
           6  2012-07-02 06:00:00
           7  2012-07-02 07:00:00
           8  2012-07-02 08:00:00
           9  2012-07-02 09:00:00
          10  2012-07-02 10:00:00
          11  2012-07-02 11:00:00
          12  2012-07-02 12:00:00
          13  2012-07-02 13:00:00
          14  2012-07-02 14:00:00
          15  2012-07-02 15:00:00
          16  2012-07-02 16:00:00
          17  2012-07-02 17:00:00
          18  2012-07-02 18:00:00
          19  2012-07-02 19:00:00
          20  2012-07-02 20:00:00
          21  2012-07-02 21:00:00
          22  2012-07-02 22:00:00
          23  2012-07-02 23:00:00
          24  2012-07-03 00:00:00
          25  2012-07-03 01:00:00
          26  2012-07-03 02:00:00
          27  2012-07-03 03:00:00
          28  2012-07-03 04:00:00
          29  2012-07-03 05:00:00
          30  2012-07-03 06:00:00
          31  2012-07-03 07:00:00
          32  2012-07-03 08:00:00
          33  2012-07-03 09:00:00
          34  2012-07-03 10:00:00
          35  2012-07-03 11:00:00
          36  2012-07-03 12:00:00
          37  2012-07-03 13:00:00
          38  2012-07-03 14:00:00
          39  2012-07-03 15:00:00
          40  2012-07-03 16:00:00
          41  2012-07-03 17:00:00
          42  2012-07-03 18:00:00
          43  2012-07-03 19:00:00
          44  2012-07-03 20:00:00
          45  2012-07-03 21:00:00
          46  2012-07-03 22:00:00
          47  2012-07-03 23:00:00
          48  2012-07-04 00:00:00
          49  2012-07-04 01:00:00
          50  2012-07-04 02:00:00
          51  2012-07-04 03:00:00
          52  2012-07-04 04:00:00
          53  2012-07-04 05:00:00
          54  2012-07-04 06:00:00
          55  2012-07-04 07:00:00
          56  2012-07-04 08:00:00
          57  2012-07-04 09:00:00
          58  2012-07-04 10:00:00
          59  2012-07-04 11:00:00
          60  2012-07-04 12:00:00
          61  2012-07-04 13:00:00
          62  2012-07-04 14:00:00
          63  2012-07-04 15:00:00
          64  2012-07-04 16:00:00
          65  2012-07-04 17:00:00
          66  2012-07-04 18:00:00
          67  2012-07-04 19:00:00
          68  2012-07-04 20:00:00
          69  2012-07-04 21:00:00
          70  2012-07-04 22:00:00
          71  2012-07-04 23:00:00
          72  2012-07-05 00:00:00
          73  2012-07-05 01:00:00
 Hydrological runtime (s):   25.732938941568136
 Landslide runtime (s):    0.0000000000000000     
 -----------------------------
  Subbasin number: 6
  Thread for hydrology: 36
  Total tile numbber for landslide: 0
  Thread for landslide: 0
  landslide density: 0
           1  2012-07-02 01:00:00
           2  2012-07-02 02:00:00
           3  2012-07-02 03:00:00
           4  2012-07-02 04:00:00
           5  2012-07-02 05:00:00
           6  2012-07-02 06:00:00
           7  2012-07-02 07:00:00
           8  2012-07-02 08:00:00
           9  2012-07-02 09:00:00
          10  2012-07-02 10:00:00
          11  2012-07-02 11:00:00
          12  2012-07-02 12:00:00
          13  2012-07-02 13:00:00
          14  2012-07-02 14:00:00
          15  2012-07-02 15:00:00
          16  2012-07-02 16:00:00
          17  2012-07-02 17:00:00
          18  2012-07-02 18:00:00
          19  2012-07-02 19:00:00
          20  2012-07-02 20:00:00
          21  2012-07-02 21:00:00
          22  2012-07-02 22:00:00
          23  2012-07-02 23:00:00
          24  2012-07-03 00:00:00
          25  2012-07-03 01:00:00
          26  2012-07-03 02:00:00
          27  2012-07-03 03:00:00
          28  2012-07-03 04:00:00
          29  2012-07-03 05:00:00
          30  2012-07-03 06:00:00
          31  2012-07-03 07:00:00
          32  2012-07-03 08:00:00
          33  2012-07-03 09:00:00
          34  2012-07-03 10:00:00
          35  2012-07-03 11:00:00
          36  2012-07-03 12:00:00
          37  2012-07-03 13:00:00
          38  2012-07-03 14:00:00
          39  2012-07-03 15:00:00
          40  2012-07-03 16:00:00
          41  2012-07-03 17:00:00
          42  2012-07-03 18:00:00
          43  2012-07-03 19:00:00
          44  2012-07-03 20:00:00
          45  2012-07-03 21:00:00
          46  2012-07-03 22:00:00
          47  2012-07-03 23:00:00
          48  2012-07-04 00:00:00
          49  2012-07-04 01:00:00
          50  2012-07-04 02:00:00
          51  2012-07-04 03:00:00
          52  2012-07-04 04:00:00
          53  2012-07-04 05:00:00
          54  2012-07-04 06:00:00
          55  2012-07-04 07:00:00
          56  2012-07-04 08:00:00
          57  2012-07-04 09:00:00
          58  2012-07-04 10:00:00
          59  2012-07-04 11:00:00
          60  2012-07-04 12:00:00
          61  2012-07-04 13:00:00
          62  2012-07-04 14:00:00
          63  2012-07-04 15:00:00
          64  2012-07-04 16:00:00
          65  2012-07-04 17:00:00
          66  2012-07-04 18:00:00
          67  2012-07-04 19:00:00
          68  2012-07-04 20:00:00
          69  2012-07-04 21:00:00
          70  2012-07-04 22:00:00
          71  2012-07-04 23:00:00
          72  2012-07-05 00:00:00
          73  2012-07-05 01:00:00
 Hydrological runtime (s):    25.771147678295772   
 Landslide runtime (s):    0.0000000000000000     
 -----------------------------
  Subbasin number: 6
  Thread for hydrology: 38
  Total tile numbber for landslide: 0
  Thread for landslide: 0
  landslide density: 0
           1  2012-07-02 01:00:00
           2  2012-07-02 02:00:00
           3  2012-07-02 03:00:00
           4  2012-07-02 04:00:00
           5  2012-07-02 05:00:00
           6  2012-07-02 06:00:00
           7  2012-07-02 07:00:00
           8  2012-07-02 08:00:00
           9  2012-07-02 09:00:00
          10  2012-07-02 10:00:00
          11  2012-07-02 11:00:00
          12  2012-07-02 12:00:00
          13  2012-07-02 13:00:00
          14  2012-07-02 14:00:00
          15  2012-07-02 15:00:00
          16  2012-07-02 16:00:00
          17  2012-07-02 17:00:00
          18  2012-07-02 18:00:00
          19  2012-07-02 19:00:00
          20  2012-07-02 20:00:00
          21  2012-07-02 21:00:00
          22  2012-07-02 22:00:00
          23  2012-07-02 23:00:00
          24  2012-07-03 00:00:00
          25  2012-07-03 01:00:00
          26  2012-07-03 02:00:00
          27  2012-07-03 03:00:00
          28  2012-07-03 04:00:00
          29  2012-07-03 05:00:00
          30  2012-07-03 06:00:00
          31  2012-07-03 07:00:00
          32  2012-07-03 08:00:00
          33  2012-07-03 09:00:00
          34  2012-07-03 10:00:00
          35  2012-07-03 11:00:00
          36  2012-07-03 12:00:00
          37  2012-07-03 13:00:00
          38  2012-07-03 14:00:00
          39  2012-07-03 15:00:00
          40  2012-07-03 16:00:00
          41  2012-07-03 17:00:00
          42  2012-07-03 18:00:00
          43  2012-07-03 19:00:00
          44  2012-07-03 20:00:00
          45  2012-07-03 21:00:00
          46  2012-07-03 22:00:00
          47  2012-07-03 23:00:00
          48  2012-07-04 00:00:00
          49  2012-07-04 01:00:00
          50  2012-07-04 02:00:00
          51  2012-07-04 03:00:00
          52  2012-07-04 04:00:00
          53  2012-07-04 05:00:00
          54  2012-07-04 06:00:00
          55  2012-07-04 07:00:00
          56  2012-07-04 08:00:00
          57  2012-07-04 09:00:00
          58  2012-07-04 10:00:00
          59  2012-07-04 11:00:00
          60  2012-07-04 12:00:00
          61  2012-07-04 13:00:00
          62  2012-07-04 14:00:00
          63  2012-07-04 15:00:00
          64  2012-07-04 16:00:00
          65  2012-07-04 17:00:00
          66  2012-07-04 18:00:00
          67  2012-07-04 19:00:00
          68  2012-07-04 20:00:00
          69  2012-07-04 21:00:00
          70  2012-07-04 22:00:00
          71  2012-07-04 23:00:00
          72  2012-07-05 00:00:00
          73  2012-07-05 01:00:00
 Hydrological runtime (s):    25.26606193246941
 Landslide runtime (s):    0.0000000000000000     
 -----------------------------
  Subbasin number: 6
  Thread for hydrology: 40
  Total tile numbber for landslide: 0
  Thread for landslide: 0
  landslide density: 0
           1  2012-07-02 01:00:00
           2  2012-07-02 02:00:00
           3  2012-07-02 03:00:00
           4  2012-07-02 04:00:00
           5  2012-07-02 05:00:00
           6  2012-07-02 06:00:00
           7  2012-07-02 07:00:00
           8  2012-07-02 08:00:00
           9  2012-07-02 09:00:00
          10  2012-07-02 10:00:00
          11  2012-07-02 11:00:00
          12  2012-07-02 12:00:00
          13  2012-07-02 13:00:00
          14  2012-07-02 14:00:00
          15  2012-07-02 15:00:00
          16  2012-07-02 16:00:00
          17  2012-07-02 17:00:00
          18  2012-07-02 18:00:00
          19  2012-07-02 19:00:00
          20  2012-07-02 20:00:00
          21  2012-07-02 21:00:00
          22  2012-07-02 22:00:00
          23  2012-07-02 23:00:00
          24  2012-07-03 00:00:00
          25  2012-07-03 01:00:00
          26  2012-07-03 02:00:00
          27  2012-07-03 03:00:00
          28  2012-07-03 04:00:00
          29  2012-07-03 05:00:00
          30  2012-07-03 06:00:00
          31  2012-07-03 07:00:00
          32  2012-07-03 08:00:00
          33  2012-07-03 09:00:00
          34  2012-07-03 10:00:00
          35  2012-07-03 11:00:00
          36  2012-07-03 12:00:00
          37  2012-07-03 13:00:00
          38  2012-07-03 14:00:00
          39  2012-07-03 15:00:00
          40  2012-07-03 16:00:00
          41  2012-07-03 17:00:00
          42  2012-07-03 18:00:00
          43  2012-07-03 19:00:00
          44  2012-07-03 20:00:00
          45  2012-07-03 21:00:00
          46  2012-07-03 22:00:00
          47  2012-07-03 23:00:00
          48  2012-07-04 00:00:00
          49  2012-07-04 01:00:00
          50  2012-07-04 02:00:00
          51  2012-07-04 03:00:00
          52  2012-07-04 04:00:00
          53  2012-07-04 05:00:00
          54  2012-07-04 06:00:00
          55  2012-07-04 07:00:00
          56  2012-07-04 08:00:00
          57  2012-07-04 09:00:00
          58  2012-07-04 10:00:00
          59  2012-07-04 11:00:00
          60  2012-07-04 12:00:00
          61  2012-07-04 13:00:00
          62  2012-07-04 14:00:00
          63  2012-07-04 15:00:00
          64  2012-07-04 16:00:00
          65  2012-07-04 17:00:00
          66  2012-07-04 18:00:00
          67  2012-07-04 19:00:00
          68  2012-07-04 20:00:00
          69  2012-07-04 21:00:00
          70  2012-07-04 22:00:00
          71  2012-07-04 23:00:00
          72  2012-07-05 00:00:00
          73  2012-07-05 01:00:00
 Hydrological runtime (s):    25.30352538979302     
 Landslide runtime (s):    0.0000000000000000     
 -----------------------------
  Subbasin number: 6
  Thread for hydrology: 42
  Total tile numbber for landslide: 0
  Thread for landslide: 0
  landslide density: 0
           1  2012-07-02 01:00:00
           2  2012-07-02 02:00:00
           3  2012-07-02 03:00:00
           4  2012-07-02 04:00:00
           5  2012-07-02 05:00:00
           6  2012-07-02 06:00:00
           7  2012-07-02 07:00:00
           8  2012-07-02 08:00:00
           9  2012-07-02 09:00:00
          10  2012-07-02 10:00:00
          11  2012-07-02 11:00:00
          12  2012-07-02 12:00:00
          13  2012-07-02 13:00:00
          14  2012-07-02 14:00:00
          15  2012-07-02 15:00:00
          16  2012-07-02 16:00:00
          17  2012-07-02 17:00:00
          18  2012-07-02 18:00:00
          19  2012-07-02 19:00:00
          20  2012-07-02 20:00:00
          21  2012-07-02 21:00:00
          22  2012-07-02 22:00:00
          23  2012-07-02 23:00:00
          24  2012-07-03 00:00:00
          25  2012-07-03 01:00:00
          26  2012-07-03 02:00:00
          27  2012-07-03 03:00:00
          28  2012-07-03 04:00:00
          29  2012-07-03 05:00:00
          30  2012-07-03 06:00:00
          31  2012-07-03 07:00:00
          32  2012-07-03 08:00:00
          33  2012-07-03 09:00:00
          34  2012-07-03 10:00:00
          35  2012-07-03 11:00:00
          36  2012-07-03 12:00:00
          37  2012-07-03 13:00:00
          38  2012-07-03 14:00:00
          39  2012-07-03 15:00:00
          40  2012-07-03 16:00:00
          41  2012-07-03 17:00:00
          42  2012-07-03 18:00:00
          43  2012-07-03 19:00:00
          44  2012-07-03 20:00:00
          45  2012-07-03 21:00:00
          46  2012-07-03 22:00:00
          47  2012-07-03 23:00:00
          48  2012-07-04 00:00:00
          49  2012-07-04 01:00:00
          50  2012-07-04 02:00:00
          51  2012-07-04 03:00:00
          52  2012-07-04 04:00:00
          53  2012-07-04 05:00:00
          54  2012-07-04 06:00:00
          55  2012-07-04 07:00:00
          56  2012-07-04 08:00:00
          57  2012-07-04 09:00:00
          58  2012-07-04 10:00:00
          59  2012-07-04 11:00:00
          60  2012-07-04 12:00:00
          61  2012-07-04 13:00:00
          62  2012-07-04 14:00:00
          63  2012-07-04 15:00:00
          64  2012-07-04 16:00:00
          65  2012-07-04 17:00:00
          66  2012-07-04 18:00:00
          67  2012-07-04 19:00:00
          68  2012-07-04 20:00:00
          69  2012-07-04 21:00:00
          70  2012-07-04 22:00:00
          71  2012-07-04 23:00:00
          72  2012-07-05 00:00:00
          73  2012-07-05 01:00:00
 Hydrological runtime (s):    23.096700203294557   
 Landslide runtime (s):    0.0000000000000000     
 -----------------------------
  Subbasin number: 6
  Thread for hydrology: 44
  Total tile numbber for landslide: 0
  Thread for landslide: 0
  landslide density: 0
           1  2012-07-02 01:00:00
           2  2012-07-02 02:00:00
           3  2012-07-02 03:00:00
           4  2012-07-02 04:00:00
           5  2012-07-02 05:00:00
           6  2012-07-02 06:00:00
           7  2012-07-02 07:00:00
           8  2012-07-02 08:00:00
           9  2012-07-02 09:00:00
          10  2012-07-02 10:00:00
          11  2012-07-02 11:00:00
          12  2012-07-02 12:00:00
          13  2012-07-02 13:00:00
          14  2012-07-02 14:00:00
          15  2012-07-02 15:00:00
          16  2012-07-02 16:00:00
          17  2012-07-02 17:00:00
          18  2012-07-02 18:00:00
          19  2012-07-02 19:00:00
          20  2012-07-02 20:00:00
          21  2012-07-02 21:00:00
          22  2012-07-02 22:00:00
          23  2012-07-02 23:00:00
          24  2012-07-03 00:00:00
          25  2012-07-03 01:00:00
          26  2012-07-03 02:00:00
          27  2012-07-03 03:00:00
          28  2012-07-03 04:00:00
          29  2012-07-03 05:00:00
          30  2012-07-03 06:00:00
          31  2012-07-03 07:00:00
          32  2012-07-03 08:00:00
          33  2012-07-03 09:00:00
          34  2012-07-03 10:00:00
          35  2012-07-03 11:00:00
          36  2012-07-03 12:00:00
          37  2012-07-03 13:00:00
          38  2012-07-03 14:00:00
          39  2012-07-03 15:00:00
          40  2012-07-03 16:00:00
          41  2012-07-03 17:00:00
          42  2012-07-03 18:00:00
          43  2012-07-03 19:00:00
          44  2012-07-03 20:00:00
          45  2012-07-03 21:00:00
          46  2012-07-03 22:00:00
          47  2012-07-03 23:00:00
          48  2012-07-04 00:00:00
          49  2012-07-04 01:00:00
          50  2012-07-04 02:00:00
          51  2012-07-04 03:00:00
          52  2012-07-04 04:00:00
          53  2012-07-04 05:00:00
          54  2012-07-04 06:00:00
          55  2012-07-04 07:00:00
          56  2012-07-04 08:00:00
          57  2012-07-04 09:00:00
          58  2012-07-04 10:00:00
          59  2012-07-04 11:00:00
          60  2012-07-04 12:00:00
          61  2012-07-04 13:00:00
          62  2012-07-04 14:00:00
          63  2012-07-04 15:00:00
          64  2012-07-04 16:00:00
          65  2012-07-04 17:00:00
          66  2012-07-04 18:00:00
          67  2012-07-04 19:00:00
          68  2012-07-04 20:00:00
          69  2012-07-04 21:00:00
          70  2012-07-04 22:00:00
          71  2012-07-04 23:00:00
          72  2012-07-05 00:00:00
          73  2012-07-05 01:00:00
 Hydrological runtime (s):   25.288491174889106     
 Landslide runtime (s):    0.0000000000000000     
 -----------------------------
  Subbasin number: 6
  Thread for hydrology: 46
  Total tile numbber for landslide: 0
  Thread for landslide: 0
  landslide density: 0
           1  2012-07-02 01:00:00
           2  2012-07-02 02:00:00
           3  2012-07-02 03:00:00
           4  2012-07-02 04:00:00
           5  2012-07-02 05:00:00
           6  2012-07-02 06:00:00
           7  2012-07-02 07:00:00
           8  2012-07-02 08:00:00
           9  2012-07-02 09:00:00
          10  2012-07-02 10:00:00
          11  2012-07-02 11:00:00
          12  2012-07-02 12:00:00
          13  2012-07-02 13:00:00
          14  2012-07-02 14:00:00
          15  2012-07-02 15:00:00
          16  2012-07-02 16:00:00
          17  2012-07-02 17:00:00
          18  2012-07-02 18:00:00
          19  2012-07-02 19:00:00
          20  2012-07-02 20:00:00
          21  2012-07-02 21:00:00
          22  2012-07-02 22:00:00
          23  2012-07-02 23:00:00
          24  2012-07-03 00:00:00
          25  2012-07-03 01:00:00
          26  2012-07-03 02:00:00
          27  2012-07-03 03:00:00
          28  2012-07-03 04:00:00
          29  2012-07-03 05:00:00
          30  2012-07-03 06:00:00
          31  2012-07-03 07:00:00
          32  2012-07-03 08:00:00
          33  2012-07-03 09:00:00
          34  2012-07-03 10:00:00
          35  2012-07-03 11:00:00
          36  2012-07-03 12:00:00
          37  2012-07-03 13:00:00
          38  2012-07-03 14:00:00
          39  2012-07-03 15:00:00
          40  2012-07-03 16:00:00
          41  2012-07-03 17:00:00
          42  2012-07-03 18:00:00
          43  2012-07-03 19:00:00
          44  2012-07-03 20:00:00
          45  2012-07-03 21:00:00
          46  2012-07-03 22:00:00
          47  2012-07-03 23:00:00
          48  2012-07-04 00:00:00
          49  2012-07-04 01:00:00
          50  2012-07-04 02:00:00
          51  2012-07-04 03:00:00
          52  2012-07-04 04:00:00
          53  2012-07-04 05:00:00
          54  2012-07-04 06:00:00
          55  2012-07-04 07:00:00
          56  2012-07-04 08:00:00
          57  2012-07-04 09:00:00
          58  2012-07-04 10:00:00
          59  2012-07-04 11:00:00
          60  2012-07-04 12:00:00
          61  2012-07-04 13:00:00
          62  2012-07-04 14:00:00
          63  2012-07-04 15:00:00
          64  2012-07-04 16:00:00
          65  2012-07-04 17:00:00
          66  2012-07-04 18:00:00
          67  2012-07-04 19:00:00
          68  2012-07-04 20:00:00
          69  2012-07-04 21:00:00
          70  2012-07-04 22:00:00
          71  2012-07-04 23:00:00
          72  2012-07-05 00:00:00
          73  2012-07-05 01:00:00
 Hydrological runtime (s):    22.33307710227867     
 Landslide runtime (s):    0.0000000000000000     
 -----------------------------
  Subbasin number: 6
  Thread for hydrology: 48
  Total tile numbber for landslide: 0
  Thread for landslide: 0
  landslide density: 0
           1  2012-07-02 01:00:00
           2  2012-07-02 02:00:00
           3  2012-07-02 03:00:00
           4  2012-07-02 04:00:00
           5  2012-07-02 05:00:00
           6  2012-07-02 06:00:00
           7  2012-07-02 07:00:00
           8  2012-07-02 08:00:00
           9  2012-07-02 09:00:00
          10  2012-07-02 10:00:00
          11  2012-07-02 11:00:00
          12  2012-07-02 12:00:00
          13  2012-07-02 13:00:00
          14  2012-07-02 14:00:00
          15  2012-07-02 15:00:00
          16  2012-07-02 16:00:00
          17  2012-07-02 17:00:00
          18  2012-07-02 18:00:00
          19  2012-07-02 19:00:00
          20  2012-07-02 20:00:00
          21  2012-07-02 21:00:00
          22  2012-07-02 22:00:00
          23  2012-07-02 23:00:00
          24  2012-07-03 00:00:00
          25  2012-07-03 01:00:00
          26  2012-07-03 02:00:00
          27  2012-07-03 03:00:00
          28  2012-07-03 04:00:00
          29  2012-07-03 05:00:00
          30  2012-07-03 06:00:00
          31  2012-07-03 07:00:00
          32  2012-07-03 08:00:00
          33  2012-07-03 09:00:00
          34  2012-07-03 10:00:00
          35  2012-07-03 11:00:00
          36  2012-07-03 12:00:00
          37  2012-07-03 13:00:00
          38  2012-07-03 14:00:00
          39  2012-07-03 15:00:00
          40  2012-07-03 16:00:00
          41  2012-07-03 17:00:00
          42  2012-07-03 18:00:00
          43  2012-07-03 19:00:00
          44  2012-07-03 20:00:00
          45  2012-07-03 21:00:00
          46  2012-07-03 22:00:00
          47  2012-07-03 23:00:00
          48  2012-07-04 00:00:00
          49  2012-07-04 01:00:00
          50  2012-07-04 02:00:00
          51  2012-07-04 03:00:00
          52  2012-07-04 04:00:00
          53  2012-07-04 05:00:00
          54  2012-07-04 06:00:00
          55  2012-07-04 07:00:00
          56  2012-07-04 08:00:00
          57  2012-07-04 09:00:00
          58  2012-07-04 10:00:00
          59  2012-07-04 11:00:00
          60  2012-07-04 12:00:00
          61  2012-07-04 13:00:00
          62  2012-07-04 14:00:00
          63  2012-07-04 15:00:00
          64  2012-07-04 16:00:00
          65  2012-07-04 17:00:00
          66  2012-07-04 18:00:00
          67  2012-07-04 19:00:00
          68  2012-07-04 20:00:00
          69  2012-07-04 21:00:00
          70  2012-07-04 22:00:00
          71  2012-07-04 23:00:00
          72  2012-07-05 00:00:00
          73  2012-07-05 01:00:00
 Hydrological runtime (s):    18.53390975606938     
 Landslide runtime (s):    0.0000000000000000     
 -----------------------------
